00000000  00 00 04 92 0a 24 61 62  66 36 64 39 35 62 2d 36  |.....$abf6d95b-6|
00000010  65 39 63 2d 34 32 32 37  2d 62 35 34 66 2d 34 33  |e9c-4227-b54f-43|
00000020  66 64 30 35 61 35 63 63  66 61 12 8f 01 0a 0f 31  |fd05a5ccfa.....1|
00000030  32 37 2e 30 2e 30 2e 31  3a 34 39 36 35 36 12 0e  |27.0.0.1:49656..|
00000040  31 32 37 2e 30 2e 30 2e  31 3a 31 30 30 30 1a 0f  |127.0.0.1:1000..|
00000050  31 32 37 2e 30 2e 30 2e  31 3a 34 39 36 35 36 22  |127.0.0.1:49656"|
00000060  12 31 37 32 2e 31 36 2e  38 38 2e 31 38 39 3a 38  |.172.16.88.189:8|
00000070  38 35 37 2a 13 31 37 32  2e 32 39 2e 31 33 32 2e  |857*.172.29.132.|
00000080  33 31 3a 35 30 38 36 38  42 0d 70 72 6f 78 79 5f  |31:50868B.proxy_|
00000090  63 6c 75 73 74 65 72 50  f6 e2 bd c3 06 58 e8 01  |clusterP.....X..|
000000a0  68 2f 70 e6 01 78 01 88  01 cf 01 9a 01 0e 31 32  |h/p..x........12|
000000b0  37 2e 30 2e 30 2e 31 3a  31 30 30 30 1a e4 04 0a  |7.0.0.1:1000....|
000000c0  19 47 45 54 20 2f 66 61  76 69 63 6f 6e 2e 69 63  |.GET /favicon.ic|
000000d0  6f 20 48 54 54 50 2f 31  2e 31 12 c4 04 3a 61 75  |o HTTP/1.1...:au|
000000e0  74 68 6f 72 69 74 79 3a  20 6f 61 2e 6f 75 72 79  |thority: oa.oury|
000000f0  75 6e 2e 63 6e 0d 0a 3a  73 63 68 65 6d 65 3a 20  |un.cn..:scheme: |
00000100  68 74 74 70 0d 0a 75 73  65 72 2d 61 67 65 6e 74  |http..user-agent|
00000110  3a 20 4d 6f 7a 69 6c 6c  61 2f 35 2e 30 20 28 57  |: Mozilla/5.0 (W|
00000120  69 6e 64 6f 77 73 20 4e  54 20 31 30 2e 30 3b 20  |indows NT 10.0; |
00000130  57 69 6e 36 34 3b 20 78  36 34 3b 20 72 76 3a 31  |Win64; x64; rv:1|
00000140  34 30 2e 30 29 20 47 65  63 6b 6f 2f 32 30 31 30  |40.0) Gecko/2010|
00000150  30 31 30 31 20 46 69 72  65 66 6f 78 2f 31 34 30  |0101 Firefox/140|
00000160  2e 30 0d 0a 61 63 63 65  70 74 3a 20 69 6d 61 67  |.0..accept: imag|
00000170  65 2f 61 76 69 66 2c 69  6d 61 67 65 2f 77 65 62  |e/avif,image/web|
00000180  70 2c 69 6d 61 67 65 2f  70 6e 67 2c 69 6d 61 67  |p,image/png,imag|
00000190  65 2f 73 76 67 2b 78 6d  6c 2c 69 6d 61 67 65 2f  |e/svg+xml,image/|
000001a0  2a 3b 71 3d 30 2e 38 2c  2a 2f 2a 3b 71 3d 30 2e  |*;q=0.8,*/*;q=0.|
000001b0  35 0d 0a 61 63 63 65 70  74 2d 6c 61 6e 67 75 61  |5..accept-langua|
000001c0  67 65 3a 20 7a 68 2d 43  4e 2c 7a 68 3b 71 3d 30  |ge: zh-CN,zh;q=0|
000001d0  2e 38 2c 7a 68 2d 54 57  3b 71 3d 30 2e 37 2c 7a  |.8,zh-TW;q=0.7,z|
000001e0  68 2d 48 4b 3b 71 3d 30  2e 35 2c 65 6e 2d 55 53  |h-HK;q=0.5,en-US|
000001f0  3b 71 3d 30 2e 33 2c 65  6e 3b 71 3d 30 2e 32 0d  |;q=0.3,en;q=0.2.|
00000200  0a 61 63 63 65 70 74 2d  65 6e 63 6f 64 69 6e 67  |.accept-encoding|
00000210  3a 20 67 7a 69 70 2c 20  64 65 66 6c 61 74 65 2c  |: gzip, deflate,|
00000220  20 62 72 2c 20 7a 73 74  64 0d 0a 72 65 66 65 72  | br, zstd..refer|
00000230  65 72 3a 20 68 74 74 70  3a 2f 2f 31 32 37 2e 30  |er: http://127.0|
00000240  2e 30 2e 31 3a 31 30 30  30 2f 6c 61 72 67 65 5f  |.0.1:1000/large_|
00000250  73 65 72 76 69 63 65 0d  0a 73 65 63 2d 66 65 74  |service..sec-fet|
00000260  63 68 2d 64 65 73 74 3a  20 69 6d 61 67 65 0d 0a  |ch-dest: image..|
00000270  73 65 63 2d 66 65 74 63  68 2d 6d 6f 64 65 3a 20  |sec-fetch-mode: |
00000280  6e 6f 2d 63 6f 72 73 0d  0a 73 65 63 2d 66 65 74  |no-cors..sec-fet|
00000290  63 68 2d 73 69 74 65 3a  20 63 72 6f 73 73 2d 73  |ch-site: cross-s|
000002a0  69 74 65 0d 0a 70 72 69  6f 72 69 74 79 3a 20 75  |ite..priority: u|
000002b0  3d 36 0d 0a 78 2d 66 6f  72 77 61 72 64 65 64 2d  |=6..x-forwarded-|
000002c0  66 6f 72 3a 20 31 37 32  2e 32 39 2e 31 33 32 2e  |for: 172.29.132.|
000002d0  33 31 0d 0a 78 2d 66 6f  72 77 61 72 64 65 64 2d  |31..x-forwarded-|
000002e0  70 72 6f 74 6f 3a 20 68  74 74 70 0d 0a 78 2d 72  |proto: http..x-r|
000002f0  65 71 75 65 73 74 2d 69  64 3a 20 61 62 66 36 64  |equest-id: abf6d|
00000300  39 35 62 2d 36 65 39 63  2d 34 32 32 37 2d 62 35  |95b-6e9c-4227-b5|
00000310  34 66 2d 34 33 66 64 30  35 61 35 63 63 66 61 0d  |4f-43fd05a5ccfa.|
00000320  0a 1a 00 22 eb 02 0a 16  48 54 54 50 2f 31 2e 31  |..."....HTTP/1.1|
00000330  20 34 30 34 20 4e 6f 74  20 46 6f 75 6e 64 12 7f  | 404 Not Found..|
00000340  3a 73 74 61 74 75 73 3a  20 34 30 34 0d 0a 73 65  |:status: 404..se|
00000350  72 76 65 72 3a 20 65 6e  76 6f 79 0d 0a 64 61 74  |rver: envoy..dat|
00000360  65 3a 20 54 68 75 2c 20  31 30 20 4a 75 6c 20 32  |e: Thu, 10 Jul 2|
00000370  30 32 35 20 30 37 3a 35  33 3a 32 37 20 47 4d 54  |025 07:53:27 GMT|
00000380  0d 0a 63 6f 6e 74 65 6e  74 2d 74 79 70 65 3a 20  |..content-type: |
00000390  74 65 78 74 2f 68 74 6d  6c 3b 20 63 68 61 72 73  |text/html; chars|
000003a0  65 74 3d 75 74 66 2d 38  0d 0a 63 6f 6e 74 65 6e  |et=utf-8..conten|
000003b0  74 2d 6c 65 6e 67 74 68  3a 20 32 30 37 0d 0a 1a  |t-length: 207...|
000003c0  cf 01 3c 21 64 6f 63 74  79 70 65 20 68 74 6d 6c  |..<!doctype html|
000003d0  3e 0a 3c 68 74 6d 6c 20  6c 61 6e 67 3d 65 6e 3e  |>.<html lang=en>|
000003e0  0a 3c 74 69 74 6c 65 3e  34 30 34 20 4e 6f 74 20  |.<title>404 Not |
000003f0  46 6f 75 6e 64 3c 2f 74  69 74 6c 65 3e 0a 3c 68  |Found</title>.<h|
00000400  31 3e 4e 6f 74 20 46 6f  75 6e 64 3c 2f 68 31 3e  |1>Not Found</h1>|
00000410  0a 3c 70 3e 54 68 65 20  72 65 71 75 65 73 74 65  |.<p>The requeste|
00000420  64 20 55 52 4c 20 77 61  73 20 6e 6f 74 20 66 6f  |d URL was not fo|
00000430  75 6e 64 20 6f 6e 20 74  68 65 20 73 65 72 76 65  |und on the serve|
00000440  72 2e 20 49 66 20 79 6f  75 20 65 6e 74 65 72 65  |r. If you entere|
00000450  64 20 74 68 65 20 55 52  4c 20 6d 61 6e 75 61 6c  |d the URL manual|
00000460  6c 79 20 70 6c 65 61 73  65 20 63 68 65 63 6b 20  |ly please check |
00000470  79 6f 75 72 20 73 70 65  6c 6c 69 6e 67 20 61 6e  |your spelling an|
00000480  64 20 74 72 79 20 61 67  61 69 6e 2e 3c 2f 70 3e  |d try again.</p>|
00000490  0a 2a 01 2e 32 00 80 9f  ff e8 1f 29 c4 5d 42 2c  |.*..2......).]B,|
000004a0  46 9f a7 78 3a 3d bc 94  29 ff 00 02 00 00 0a 24  |F..x:=..)......$|
000004b0  31 66 32 39 63 34 35 64  2d 34 32 32 63 2d 34 36  |1f29c45d-422c-46|
000004c0  39 66 2d 61 37 37 38 2d  33 61 33 64 62 63 39 34  |9f-a778-3a3dbc94|
000004d0  32 39 66 66 12 93 01 0a  0f 31 32 37 2e 30 2e 30  |29ff.....127.0.0|
000004e0  2e 31 3a 34 39 36 35 32  12 0e 31 32 37 2e 30 2e  |.1:49652..127.0.|
000004f0  30 2e 31 3a 31 30 30 30  1a 0f 31 32 37 2e 30 2e  |0.1:1000..127.0.|
00000500  30 2e 31 3a 34 39 36 35  32 22 12 31 37 32 2e 31  |0.1:49652".172.1|
00000510  36 2e 38 38 2e 31 38 39  3a 38 38 35 37 2a 13 31  |6.88.189:8857*.1|
00000520  37 32 2e 32 39 2e 31 33  32 2e 33 31 3a 35 30 38  |72.29.132.31:508|
00000530  36 34 42 0d 70 72 6f 78  79 5f 63 6c 75 73 74 65  |64B.proxy_cluste|
00000540  72 50 f4 e2 bd c3 06 58  e6 15 68 df 03 70 a6 04  |rP.....X..h..p..|
00000550  78 bf 11 88 01 da 80 80  05 9a 01 0e 31 32 37 2e  |x...........127.|
00000560  30 2e 30 2e 31 3a 31 30  30 30 1a c7 07 0a 1b 47  |0.0.1:1000.....G|
00000570  45 54 20 2f 6c 61 72 67  65 5f 73 65 72 76 69 63  |ET /large_servic|
00000580  65 20 48 54 54 50 2f 31  2e 31 12 a5 07 3a 61 75  |e HTTP/1.1...:au|
00000590  74 68 6f 72 69 74 79 3a  20 6f 61 2e 6f 75 72 79  |thority: oa.oury|
000005a0  75 6e 2e 63 6e 0d 0a 3a  73 63 68 65 6d 65 3a 20  |un.cn..:scheme: |
000005b0  68 74 74 70 0d 0a 75 73  65 72 2d 61 67 65 6e 74  |http..user-agent|
000005c0  3a 20 4d 6f 7a 69 6c 6c  61 2f 35 2e 30 20 28 57  |: Mozilla/5.0 (W|
000005d0  69 6e 64 6f 77 73 20 4e  54 20 31 30 2e 30 3b 20  |indows NT 10.0; |
000005e0  57 69 6e 36 34 3b 20 78  36 34 3b 20 72 76 3a 31  |Win64; x64; rv:1|
000005f0  34 30 2e 30 29 20 47 65  63 6b 6f 2f 32 30 31 30  |40.0) Gecko/2010|
00000600  30 31 30 31 20 46 69 72  65 66 6f 78 2f 31 34 30  |0101 Firefox/140|
00000610  2e 30 0d 0a 61 63 63 65  70 74 3a 20 74 65 78 74  |.0..accept: text|
00000620  2f 68 74 6d 6c 2c 61 70  70 6c 69 63 61 74 69 6f  |/html,applicatio|
00000630  6e 2f 78 68 74 6d 6c 2b  78 6d 6c 2c 61 70 70 6c  |n/xhtml+xml,appl|
00000640  69 63 61 74 69 6f 6e 2f  78 6d 6c 3b 71 3d 30 2e  |ication/xml;q=0.|
00000650  39 2c 2a 2f 2a 3b 71 3d  30 2e 38 0d 0a 61 63 63  |9,*/*;q=0.8..acc|
00000660  65 70 74 2d 6c 61 6e 67  75 61 67 65 3a 20 7a 68  |ept-language: zh|
00000670  2d 43 4e 2c 7a 68 3b 71  3d 30 2e 38 2c 7a 68 2d  |-CN,zh;q=0.8,zh-|
00000680  54 57 3b 71 3d 30 2e 37  2c 7a 68 2d 48 4b 3b 71  |TW;q=0.7,zh-HK;q|
00000690  3d 30 2e 35 2c 65 6e 2d  55 53 3b 71 3d 30 2e 33  |=0.5,en-US;q=0.3|
000006a0  2c 65 6e 3b 71 3d 30 2e  32 0d 0a 61 63 63 65 70  |,en;q=0.2..accep|
000006b0  74 2d 65 6e 63 6f 64 69  6e 67 3a 20 67 7a 69 70  |t-encoding: gzip|
000006c0  2c 20 64 65 66 6c 61 74  65 2c 20 62 72 2c 20 7a  |, deflate, br, z|
000006d0  73 74 64 0d 0a 75 70 67  72 61 64 65 2d 69 6e 73  |std..upgrade-ins|
000006e0  65 63 75 72 65 2d 72 65  71 75 65 73 74 73 3a 20  |ecure-requests: |
000006f0  31 0d 0a 73 65 63 2d 66  65 74 63 68 2d 64 65 73  |1..sec-fetch-des|
00000700  74 3a 20 64 6f 63 75 6d  65 6e 74 0d 0a 73 65 63  |t: document..sec|
00000710  2d 66 65 74 63 68 2d 6d  6f 64 65 3a 20 6e 61 76  |-fetch-mode: nav|
00000720  69 67 61 74 65 0d 0a 73  65 63 2d 66 65 74 63 68  |igate..sec-fetch|
00000730  2d 73 69 74 65 3a 20 6e  6f 6e 65 0d 0a 73 65 63  |-site: none..sec|
00000740  2d 66 65 74 63 68 2d 75  73 65 72 3a 20 3f 31 0d  |-fetch-user: ?1.|
00000750  0a 70 72 69 6f 72 69 74  79 3a 20 75 3d 30 2c 20  |.priority: u=0, |
00000760  69 0d 0a 78 2d 66 6f 72  77 61 72 64 65 64 2d 66  |i..x-forwarded-f|
00000770  6f 72 3a 20 31 37 32 2e  32 39 2e 31 33 32 2e 33  |or: 172.29.132.3|
00000780  31 0d 0a 78 2d 66 6f 72  77 61 72 64 65 64 2d 70  |1..x-forwarded-p|
00000790  72 6f 74 6f 3a 20 68 74  74 70 0d 0a 78 2d 72 65  |roto: http..x-re|
000007a0  71 75 65 73 74 2d 69 64  3a 20 31 66 32 39 63 34  |quest-id: 1f29c4|
000007b0  35 64 2d 34 32 32 63 2d  34 36 39 66 2d 61 37 37  |5d-422c-469f-a77|
000007c0  38 2d 33 61 33 64 62 63  39 34 32 39 66 66 0d 0a  |8-3a3dbc9429ff..|
000007d0  73 72 5f 66 70 5f 76 61  6c 75 65 3a 20 35 61 63  |sr_fp_value: 5ac|
000007e0  34 39 39 37 36 35 30 32  39 65 35 66 66 36 31 34  |499765029e5ff614|
000007f0  39 63 39 66 35 31 35 33  31 38 64 38 35 0d 0a 63  |9c9f515318d85..c|
00000800  6f 6f 6b 69 65 3a 20 50  48 50 53 45 53 53 49 44  |ookie: PHPSESSID|
00000810  3d 33 63 62 61 32 32 64  30 61 36 64 35 61 32 31  |=3cba22d0a6d5a21|
00000820  30 61 33 33 31 30 65 63  35 34 34 30 31 61 66 38  |0a3310ec54401af8|
00000830  38 3b 20 73 69 64 65 62  61 72 53 74 61 74 75 73  |8; sidebarStatus|
00000840  3d 30 3b 20 41 64 6d 69  6e 2d 54 6f 6b 65 6e 2d  |=0; Admin-Token-|
00000850  43 52 4d 3d 65 79 4a 30  65 58 41 69 4f 69 4a 4b  |CRM=eyJ0eXAiOiJK|
00000860  56 31 51 69 4c 43 4a 68  62 47 63 69 4f 69 4a 49  |V1QiLCJhbGciOiJI|
00000870  55 7a 49 31 4e 69 4a 39  2e 65 79 4a 73 59 58 51  |UzI1NiJ9.eyJsYXQ|
00000880  69 4f 6a 45 33 4e 54 41  32 4e 44 51 34 4f 44 4d  |iOjE3NTA2NDQ4ODM|
00000890  73 49 6d 35 69 5a 69 49  36 4d 54 63 31 4d 44 59  |sIm5iZiI6MTc1MDY|
000008a0  30 4e 44 67 34 4d 79 77  69 5a 58 68 77 49 6a 6f  |0NDg4MywiZXhwIjo|
000008b0  78 4e 7a 55 77 4e 7a 4d  78 4d 6a 67 7a 4c 43 4a  |xNzUwNzMxMjgzLCJ|
000008c0  31 61 57 51 69 4f 6a 55  31 4d 43 77 69 64 48 6c  |1aWQiOjU1MCwidHl|
000008d0  77 5a 53 49 36 49 6e 56  7a 5a 58 49 69 4c 43 4a  |wZSI6InVzZXIiLCJ|
000008e0  79 59 57 35 6b 49 6a 6f  69 4d 54 63 31 4d 44 59  |yYW5kIjoiMTc1MDY|
000008f0  30 4e 44 67 34 4d 32 31  71 61 6e 64 6c 4d 32 5a  |0NDg4M21qandlM2Z|
00000900  6d 49 6e 30 2e 41 56 6e  75 63 44 48 67 46 38 52  |mIn0.AVnucDHgF8R|
00000910  69 49 69 4f 31 78 6c 6b  5f 5f 79 52 75 41 6d 36  |iIiO1xlk__yRuAm6|
00000920  67 53 6a 6b 66 34 48 32  76 35 38 39 37 67 79 49  |gSjkf4H2v5897gyI|
00000930  0d 0a 1a 00 22 ee 81 80  05 0a 0f 48 54 54 50 2f  |...."......HTTP/|
00000940  31 2e 31 20 32 30 30 20  4f 4b 12 7c 3a 73 74 61  |1.1 200 OK.|:sta|
00000950  74 75 73 3a 20 32 30 30  0d 0a 73 65 72 76 65 72  |tus: 200..server|
00000960  3a 20 65 6e 76 6f 79 0d  0a 64 61 74 65 3a 20 54  |: envoy..date: T|
00000970  68 75 2c 20 31 30 20 4a  75 6c 20 32 30 32 35 20  |hu, 10 Jul 2025 |
00000980  30 37 3a 35 33 3a 32 35  20 47 4d 54 0d 0a 63 6f  |07:53:25 GMT..co|
00000990  6e 74 65 6e 74 2d 74 79  70 65 3a 20 61 70 70 6c  |ntent-type: appl|
000009a0  69 63 61 74 69 6f 6e 2f  6a 73 6f 6e 0d 0a 63 6f  |ication/json..co|
000009b0  6e 74 65 6e 74 2d 6c 65  6e 67 74 68 3a 20 31 30  |ntent-length: 10|
000009c0  34 38 35 38 35 30 0d 0a  1a da 80 80 05 7b 22 63  |485850.......{"c|
000009d0  68 61 72 22 3a 22 41 41  41 41 41 41 41 41 41 41  |har":"AAAAAAAAAA|
000009e0  41 41 41 41 41 41 41 41  41 41 41 41 41 41 41 41  |AAAAAAAAAAAAAAAA|
*
00a00490  41 41 41 41 41 41 80 00  05 b8 1f 29 c4 5d 42 2c  |AAAAAA.....).]B,|
00a004a0  46 9f a7 78 3a 3d bc 94  29 ff 00 02 00 01 41 41  |F..x:=..).....AA|
00a004b0  41 41 41 41 41 41 41 41  41 41 41 41 41 41 41 41  |AAAAAAAAAAAAAAAA|
*
00a009e0  41 41 41 41 41 41 41 41  41 41 41 41 41 41 22 2c  |AAAAAAAAAAAAAA",|
00a009f0  22 6d 65 73 73 61 67 65  22 3a 22 73 75 63 63 65  |"message":"succe|
00a00a00  73 73 22 2c 22 64 65 73  65 6e 73 5f 70 68 6f 6e  |ss","desens_phon|
00a00a10  65 22 3a 22 31 35 31 2a  2a 2a 2a 35 36 37 38 22  |e":"151****5678"|
00a00a20  2c 22 65 6d 61 69 6c 22  3a 22 65 78 61 6d 70 6c  |,"email":"exampl|
00a00a30  65 40 65 78 61 6d 70 6c  65 2e 63 6f 6d 22 7d 2a  |e@example.com"}*|
00a00a40  01 2e 32 22 0a 20 35 61  63 34 39 39 37 36 35 30  |..2". 5ac4997650|
00a00a50  32 39 65 35 66 66 36 31  34 39 63 39 66 35 31 35  |29e5ff6149c9f515|
00a00a60  33 31 38 64 38 35 00 09  cc ea 0a 24 35 33 32 64  |318d85.....$532d|
00a00a70  34 66 65 36 2d 37 62 33  35 2d 34 34 63 63 2d 61  |4fe6-7b35-44cc-a|
00a00a80  36 33 36 2d 64 64 30 35  62 62 33 62 63 36 33 32  |636-dd05bb3bc632|
00a00a90  12 8d 01 0a 0f 31 32 37  2e 30 2e 30 2e 31 3a 34  |.....127.0.0.1:4|
00a00aa0  39 37 35 30 12 0e 31 32  37 2e 30 2e 30 2e 31 3a  |9750..127.0.0.1:|
00a00ab0  31 30 30 30 1a 0f 31 32  37 2e 30 2e 30 2e 31 3a  |1000..127.0.0.1:|
00a00ac0  34 39 37 35 30 22 12 31  37 32 2e 31 36 2e 38 38  |49750".172.16.88|
00a00ad0  2e 31 38 39 3a 38 38 35  37 2a 13 31 37 32 2e 32  |.189:8857*.172.2|
00a00ae0  39 2e 31 33 32 2e 33 31  3a 35 30 39 36 32 42 0d  |9.132.31:50962B.|
00a00af0  70 72 6f 78 79 5f 63 6c  75 73 74 65 72 50 91 ee  |proxy_clusterP..|
00a00b00  bd c3 06 58 87 07 68 0c  70 2e 88 01 ac 8f 27 9a  |...X..h.p.....'.|
00a00b10  01 0e 31 32 37 2e 30 2e  30 2e 31 3a 31 30 30 30  |..127.0.0.1:1000|
00a00b20  1a c7 07 0a 1b 47 45 54  20 2f 6c 61 72 67 65 5f  |.....GET /large_|
00a00b30  73 65 72 76 69 63 65 20  48 54 54 50 2f 31 2e 31  |service HTTP/1.1|
00a00b40  12 a5 07 3a 61 75 74 68  6f 72 69 74 79 3a 20 6f  |...:authority: o|
00a00b50  61 2e 6f 75 72 79 75 6e  2e 63 6e 0d 0a 3a 73 63  |a.ouryun.cn..:sc|
00a00b60  68 65 6d 65 3a 20 68 74  74 70 0d 0a 75 73 65 72  |heme: http..user|
00a00b70  2d 61 67 65 6e 74 3a 20  4d 6f 7a 69 6c 6c 61 2f  |-agent: Mozilla/|
00a00b80  35 2e 30 20 28 57 69 6e  64 6f 77 73 20 4e 54 20  |5.0 (Windows NT |
00a00b90  31 30 2e 30 3b 20 57 69  6e 36 34 3b 20 78 36 34  |10.0; Win64; x64|
00a00ba0  3b 20 72 76 3a 31 34 30  2e 30 29 20 47 65 63 6b  |; rv:140.0) Geck|
00a00bb0  6f 2f 32 30 31 30 30 31  30 31 20 46 69 72 65 66  |o/20100101 Firef|
00a00bc0  6f 78 2f 31 34 30 2e 30  0d 0a 61 63 63 65 70 74  |ox/140.0..accept|
00a00bd0  3a 20 74 65 78 74 2f 68  74 6d 6c 2c 61 70 70 6c  |: text/html,appl|
00a00be0  69 63 61 74 69 6f 6e 2f  78 68 74 6d 6c 2b 78 6d  |ication/xhtml+xm|
00a00bf0  6c 2c 61 70 70 6c 69 63  61 74 69 6f 6e 2f 78 6d  |l,application/xm|
00a00c00  6c 3b 71 3d 30 2e 39 2c  2a 2f 2a 3b 71 3d 30 2e  |l;q=0.9,*/*;q=0.|
00a00c10  38 0d 0a 61 63 63 65 70  74 2d 6c 61 6e 67 75 61  |8..accept-langua|
00a00c20  67 65 3a 20 7a 68 2d 43  4e 2c 7a 68 3b 71 3d 30  |ge: zh-CN,zh;q=0|
00a00c30  2e 38 2c 7a 68 2d 54 57  3b 71 3d 30 2e 37 2c 7a  |.8,zh-TW;q=0.7,z|
00a00c40  68 2d 48 4b 3b 71 3d 30  2e 35 2c 65 6e 2d 55 53  |h-HK;q=0.5,en-US|
00a00c50  3b 71 3d 30 2e 33 2c 65  6e 3b 71 3d 30 2e 32 0d  |;q=0.3,en;q=0.2.|
00a00c60  0a 61 63 63 65 70 74 2d  65 6e 63 6f 64 69 6e 67  |.accept-encoding|
00a00c70  3a 20 67 7a 69 70 2c 20  64 65 66 6c 61 74 65 2c  |: gzip, deflate,|
00a00c80  20 62 72 2c 20 7a 73 74  64 0d 0a 75 70 67 72 61  | br, zstd..upgra|
00a00c90  64 65 2d 69 6e 73 65 63  75 72 65 2d 72 65 71 75  |de-insecure-requ|
00a00ca0  65 73 74 73 3a 20 31 0d  0a 73 65 63 2d 66 65 74  |ests: 1..sec-fet|
00a00cb0  63 68 2d 64 65 73 74 3a  20 64 6f 63 75 6d 65 6e  |ch-dest: documen|
00a00cc0  74 0d 0a 73 65 63 2d 66  65 74 63 68 2d 6d 6f 64  |t..sec-fetch-mod|
00a00cd0  65 3a 20 6e 61 76 69 67  61 74 65 0d 0a 73 65 63  |e: navigate..sec|
00a00ce0  2d 66 65 74 63 68 2d 73  69 74 65 3a 20 6e 6f 6e  |-fetch-site: non|
00a00cf0  65 0d 0a 73 65 63 2d 66  65 74 63 68 2d 75 73 65  |e..sec-fetch-use|
00a00d00  72 3a 20 3f 31 0d 0a 70  72 69 6f 72 69 74 79 3a  |r: ?1..priority:|
00a00d10  20 75 3d 30 2c 20 69 0d  0a 78 2d 66 6f 72 77 61  | u=0, i..x-forwa|
00a00d20  72 64 65 64 2d 66 6f 72  3a 20 31 37 32 2e 32 39  |rded-for: 172.29|
00a00d30  2e 31 33 32 2e 33 31 0d  0a 78 2d 66 6f 72 77 61  |.132.31..x-forwa|
00a00d40  72 64 65 64 2d 70 72 6f  74 6f 3a 20 68 74 74 70  |rded-proto: http|
00a00d50  0d 0a 78 2d 72 65 71 75  65 73 74 2d 69 64 3a 20  |..x-request-id: |
00a00d60  35 33 32 64 34 66 65 36  2d 37 62 33 35 2d 34 34  |532d4fe6-7b35-44|
00a00d70  63 63 2d 61 36 33 36 2d  64 64 30 35 62 62 33 62  |cc-a636-dd05bb3b|
00a00d80  63 36 33 32 0d 0a 73 72  5f 66 70 5f 76 61 6c 75  |c632..sr_fp_valu|
00a00d90  65 3a 20 35 61 63 34 39  39 37 36 35 30 32 39 65  |e: 5ac499765029e|
00a00da0  35 66 66 36 31 34 39 63  39 66 35 31 35 33 31 38  |5ff6149c9f515318|
00a00db0  64 38 35 0d 0a 63 6f 6f  6b 69 65 3a 20 50 48 50  |d85..cookie: PHP|
00a00dc0  53 45 53 53 49 44 3d 33  63 62 61 32 32 64 30 61  |SESSID=3cba22d0a|
00a00dd0  36 64 35 61 32 31 30 61  33 33 31 30 65 63 35 34  |6d5a210a3310ec54|
00a00de0  34 30 31 61 66 38 38 3b  20 73 69 64 65 62 61 72  |401af88; sidebar|
00a00df0  53 74 61 74 75 73 3d 30  3b 20 41 64 6d 69 6e 2d  |Status=0; Admin-|
00a00e00  54 6f 6b 65 6e 2d 43 52  4d 3d 65 79 4a 30 65 58  |Token-CRM=eyJ0eX|
00a00e10  41 69 4f 69 4a 4b 56 31  51 69 4c 43 4a 68 62 47  |AiOiJKV1QiLCJhbG|
00a00e20  63 69 4f 69 4a 49 55 7a  49 31 4e 69 4a 39 2e 65  |ciOiJIUzI1NiJ9.e|
00a00e30  79 4a 73 59 58 51 69 4f  6a 45 33 4e 54 41 32 4e  |yJsYXQiOjE3NTA2N|
00a00e40  44 51 34 4f 44 4d 73 49  6d 35 69 5a 69 49 36 4d  |DQ4ODMsIm5iZiI6M|
00a00e50  54 63 31 4d 44 59 30 4e  44 67 34 4d 79 77 69 5a  |Tc1MDY0NDg4MywiZ|
00a00e60  58 68 77 49 6a 6f 78 4e  7a 55 77 4e 7a 4d 78 4d  |XhwIjoxNzUwNzMxM|
00a00e70  6a 67 7a 4c 43 4a 31 61  57 51 69 4f 6a 55 31 4d  |jgzLCJ1aWQiOjU1M|
00a00e80  43 77 69 64 48 6c 77 5a  53 49 36 49 6e 56 7a 5a  |CwidHlwZSI6InVzZ|
00a00e90  58 49 69 4c 43 4a 79 59  57 35 6b 49 6a 6f 69 4d  |XIiLCJyYW5kIjoiM|
00a00ea0  54 63 31 4d 44 59 30 4e  44 67 34 4d 32 31 71 61  |Tc1MDY0NDg4M21qa|
00a00eb0  6e 64 6c 4d 32 5a 6d 49  6e 30 2e 41 56 6e 75 63  |ndlM2ZmIn0.AVnuc|
00a00ec0  44 48 67 46 38 52 69 49  69 4f 31 78 6c 6b 5f 5f  |DHgF8RiIiO1xlk__|
00a00ed0  79 52 75 41 6d 36 67 53  6a 6b 66 34 48 32 76 35  |yRuAm6gSjkf4H2v5|
00a00ee0  38 39 37 67 79 49 0d 0a  1a 00 22 bf 90 27 0a 0f  |897gyI...."..'..|
00a00ef0  48 54 54 50 2f 31 2e 31  20 32 30 30 20 4f 4b 12  |HTTP/1.1 200 OK.|
00a00f00  7c 3a 73 74 61 74 75 73  3a 20 32 30 30 0d 0a 73  ||:status: 200..s|
00a00f10  65 72 76 65 72 3a 20 65  6e 76 6f 79 0d 0a 64 61  |erver: envoy..da|
00a00f20  74 65 3a 20 54 68 75 2c  20 31 30 20 4a 75 6c 20  |te: Thu, 10 Jul |
00a00f30  32 30 32 35 20 30 38 3a  31 37 3a 32 32 20 47 4d  |2025 08:17:22 GM|
00a00f40  54 0d 0a 63 6f 6e 74 65  6e 74 2d 74 79 70 65 3a  |T..content-type:|
00a00f50  20 61 70 70 6c 69 63 61  74 69 6f 6e 2f 6a 73 6f  | application/jso|
00a00f60  6e 0d 0a 63 6f 6e 74 65  6e 74 2d 6c 65 6e 67 74  |n..content-lengt|
00a00f70  68 3a 20 31 30 34 38 35  38 35 30 0d 0a 1a ac 8f  |h: 10485850.....|
00a00f80  27 7b 22 63 68 61 72 22  3a 22 41 41 41 41 41 41  |'{"char":"AAAAAA|
00a00f90  41 41 41 41 41 41 41 41  41 41 41 41 41 41 41 41  |AAAAAAAAAAAAAAAA|
*
00a9d720  41 41 41 41 41 41 41 41  41 41 41 41 41 2a 01 2e  |AAAAAAAAAAAAA*..|
00a9d730  32 22 0a 20 35 61 63 34  39 39 37 36 35 30 32 39  |2". 5ac499765029|
00a9d740  65 35 66 66 36 31 34 39  63 39 66 35 31 35 33 31  |e5ff6149c9f51531|
00a9d750  38 64 38 35 00 07 2b f3  0a 24 65 30 30 66 35 39  |8d85..+..$e00f59|
00a9d760  38 38 2d 62 30 30 64 2d  34 63 63 37 2d 61 36 30  |88-b00d-4cc7-a60|
00a9d770  33 2d 64 64 39 37 63 36  66 61 64 64 34 64 12 8e  |3-dd97c6fadd4d..|
00a9d780  01 0a 0f 31 32 37 2e 30  2e 30 2e 31 3a 34 39 37  |...127.0.0.1:497|
00a9d790  35 34 12 0e 31 32 37 2e  30 2e 30 2e 31 3a 31 30  |54..127.0.0.1:10|
00a9d7a0  30 30 1a 0f 31 32 37 2e  30 2e 30 2e 31 3a 34 39  |00..127.0.0.1:49|
00a9d7b0  37 35 34 22 12 31 37 32  2e 31 36 2e 38 38 2e 31  |754".172.16.88.1|
00a9d7c0  38 39 3a 38 38 35 37 2a  13 31 37 32 2e 32 39 2e  |89:8857*.172.29.|
00a9d7d0  31 33 32 2e 33 31 3a 35  30 39 36 36 42 0d 70 72  |132.31:50966B.pr|
00a9d7e0  6f 78 79 5f 63 6c 75 73  74 65 72 50 92 ee bd c3  |oxy_clusterP....|
00a9d7f0  06 58 f6 06 68 7d 70 84  02 88 01 b4 cd 1c 9a 01  |.X..h}p.........|
00a9d800  0e 31 32 37 2e 30 2e 30  2e 31 3a 31 30 30 30 1a  |.127.0.0.1:1000.|
00a9d810  c7 07 0a 1b 47 45 54 20  2f 6c 61 72 67 65 5f 73  |....GET /large_s|
00a9d820  65 72 76 69 63 65 20 48  54 54 50 2f 31 2e 31 12  |ervice HTTP/1.1.|
00a9d830  a5 07 3a 61 75 74 68 6f  72 69 74 79 3a 20 6f 61  |..:authority: oa|
00a9d840  2e 6f 75 72 79 75 6e 2e  63 6e 0d 0a 3a 73 63 68  |.ouryun.cn..:sch|
00a9d850  65 6d 65 3a 20 68 74 74  70 0d 0a 75 73 65 72 2d  |eme: http..user-|
00a9d860  61 67 65 6e 74 3a 20 4d  6f 7a 69 6c 6c 61 2f 35  |agent: Mozilla/5|
00a9d870  2e 30 20 28 57 69 6e 64  6f 77 73 20 4e 54 20 31  |.0 (Windows NT 1|
00a9d880  30 2e 30 3b 20 57 69 6e  36 34 3b 20 78 36 34 3b  |0.0; Win64; x64;|
00a9d890  20 72 76 3a 31 34 30 2e  30 29 20 47 65 63 6b 6f  | rv:140.0) Gecko|
00a9d8a0  2f 32 30 31 30 30 31 30  31 20 46 69 72 65 66 6f  |/20100101 Firefo|
00a9d8b0  78 2f 31 34 30 2e 30 0d  0a 61 63 63 65 70 74 3a  |x/140.0..accept:|
00a9d8c0  20 74 65 78 74 2f 68 74  6d 6c 2c 61 70 70 6c 69  | text/html,appli|
00a9d8d0  63 61 74 69 6f 6e 2f 78  68 74 6d 6c 2b 78 6d 6c  |cation/xhtml+xml|
00a9d8e0  2c 61 70 70 6c 69 63 61  74 69 6f 6e 2f 78 6d 6c  |,application/xml|
00a9d8f0  3b 71 3d 30 2e 39 2c 2a  2f 2a 3b 71 3d 30 2e 38  |;q=0.9,*/*;q=0.8|
00a9d900  0d 0a 61 63 63 65 70 74  2d 6c 61 6e 67 75 61 67  |..accept-languag|
00a9d910  65 3a 20 7a 68 2d 43 4e  2c 7a 68 3b 71 3d 30 2e  |e: zh-CN,zh;q=0.|
00a9d920  38 2c 7a 68 2d 54 57 3b  71 3d 30 2e 37 2c 7a 68  |8,zh-TW;q=0.7,zh|
00a9d930  2d 48 4b 3b 71 3d 30 2e  35 2c 65 6e 2d 55 53 3b  |-HK;q=0.5,en-US;|
00a9d940  71 3d 30 2e 33 2c 65 6e  3b 71 3d 30 2e 32 0d 0a  |q=0.3,en;q=0.2..|
00a9d950  61 63 63 65 70 74 2d 65  6e 63 6f 64 69 6e 67 3a  |accept-encoding:|
00a9d960  20 67 7a 69 70 2c 20 64  65 66 6c 61 74 65 2c 20  | gzip, deflate, |
00a9d970  62 72 2c 20 7a 73 74 64  0d 0a 75 70 67 72 61 64  |br, zstd..upgrad|
00a9d980  65 2d 69 6e 73 65 63 75  72 65 2d 72 65 71 75 65  |e-insecure-reque|
00a9d990  73 74 73 3a 20 31 0d 0a  73 65 63 2d 66 65 74 63  |sts: 1..sec-fetc|
00a9d9a0  68 2d 64 65 73 74 3a 20  64 6f 63 75 6d 65 6e 74  |h-dest: document|
00a9d9b0  0d 0a 73 65 63 2d 66 65  74 63 68 2d 6d 6f 64 65  |..sec-fetch-mode|
00a9d9c0  3a 20 6e 61 76 69 67 61  74 65 0d 0a 73 65 63 2d  |: navigate..sec-|
00a9d9d0  66 65 74 63 68 2d 73 69  74 65 3a 20 6e 6f 6e 65  |fetch-site: none|
00a9d9e0  0d 0a 73 65 63 2d 66 65  74 63 68 2d 75 73 65 72  |..sec-fetch-user|
00a9d9f0  3a 20 3f 31 0d 0a 70 72  69 6f 72 69 74 79 3a 20  |: ?1..priority: |
00a9da00  75 3d 30 2c 20 69 0d 0a  78 2d 66 6f 72 77 61 72  |u=0, i..x-forwar|
00a9da10  64 65 64 2d 66 6f 72 3a  20 31 37 32 2e 32 39 2e  |ded-for: 172.29.|
00a9da20  31 33 32 2e 33 31 0d 0a  78 2d 66 6f 72 77 61 72  |132.31..x-forwar|
00a9da30  64 65 64 2d 70 72 6f 74  6f 3a 20 68 74 74 70 0d  |ded-proto: http.|
00a9da40  0a 78 2d 72 65 71 75 65  73 74 2d 69 64 3a 20 65  |.x-request-id: e|
00a9da50  30 30 66 35 39 38 38 2d  62 30 30 64 2d 34 63 63  |00f5988-b00d-4cc|
00a9da60  37 2d 61 36 30 33 2d 64  64 39 37 63 36 66 61 64  |7-a603-dd97c6fad|
00a9da70  64 34 64 0d 0a 73 72 5f  66 70 5f 76 61 6c 75 65  |d4d..sr_fp_value|
00a9da80  3a 20 35 61 63 34 39 39  37 36 35 30 32 39 65 35  |: 5ac499765029e5|
00a9da90  66 66 36 31 34 39 63 39  66 35 31 35 33 31 38 64  |ff6149c9f515318d|
00a9daa0  38 35 0d 0a 63 6f 6f 6b  69 65 3a 20 50 48 50 53  |85..cookie: PHPS|
00a9dab0  45 53 53 49 44 3d 33 63  62 61 32 32 64 30 61 36  |ESSID=3cba22d0a6|
00a9dac0  64 35 61 32 31 30 61 33  33 31 30 65 63 35 34 34  |d5a210a3310ec544|
00a9dad0  30 31 61 66 38 38 3b 20  73 69 64 65 62 61 72 53  |01af88; sidebarS|
00a9dae0  74 61 74 75 73 3d 30 3b  20 41 64 6d 69 6e 2d 54  |tatus=0; Admin-T|
00a9daf0  6f 6b 65 6e 2d 43 52 4d  3d 65 79 4a 30 65 58 41  |oken-CRM=eyJ0eXA|
00a9db00  69 4f 69 4a 4b 56 31 51  69 4c 43 4a 68 62 47 63  |iOiJKV1QiLCJhbGc|
00a9db10  69 4f 69 4a 49 55 7a 49  31 4e 69 4a 39 2e 65 79  |iOiJIUzI1NiJ9.ey|
00a9db20  4a 73 59 58 51 69 4f 6a  45 33 4e 54 41 32 4e 44  |JsYXQiOjE3NTA2ND|
00a9db30  51 34 4f 44 4d 73 49 6d  35 69 5a 69 49 36 4d 54  |Q4ODMsIm5iZiI6MT|
00a9db40  63 31 4d 44 59 30 4e 44  67 34 4d 79 77 69 5a 58  |c1MDY0NDg4MywiZX|
00a9db50  68 77 49 6a 6f 78 4e 7a  55 77 4e 7a 4d 78 4d 6a  |hwIjoxNzUwNzMxMj|
00a9db60  67 7a 4c 43 4a 31 61 57  51 69 4f 6a 55 31 4d 43  |gzLCJ1aWQiOjU1MC|
00a9db70  77 69 64 48 6c 77 5a 53  49 36 49 6e 56 7a 5a 58  |widHlwZSI6InVzZX|
00a9db80  49 69 4c 43 4a 79 59 57  35 6b 49 6a 6f 69 4d 54  |IiLCJyYW5kIjoiMT|
00a9db90  63 31 4d 44 59 30 4e 44  67 34 4d 32 31 71 61 6e  |c1MDY0NDg4M21qan|
00a9dba0  64 6c 4d 32 5a 6d 49 6e  30 2e 41 56 6e 75 63 44  |dlM2ZmIn0.AVnucD|
00a9dbb0  48 67 46 38 52 69 49 69  4f 31 78 6c 6b 5f 5f 79  |HgF8RiIiO1xlk__y|
00a9dbc0  52 75 41 6d 36 67 53 6a  6b 66 34 48 32 76 35 38  |RuAm6gSjkf4H2v58|
00a9dbd0  39 37 67 79 49 0d 0a 1a  00 22 c7 ce 1c 0a 0f 48  |97gyI....".....H|
00a9dbe0  54 54 50 2f 31 2e 31 20  32 30 30 20 4f 4b 12 7c  |TTP/1.1 200 OK.||
00a9dbf0  3a 73 74 61 74 75 73 3a  20 32 30 30 0d 0a 73 65  |:status: 200..se|
00a9dc00  72 76 65 72 3a 20 65 6e  76 6f 79 0d 0a 64 61 74  |rver: envoy..dat|
00a9dc10  65 3a 20 54 68 75 2c 20  31 30 20 4a 75 6c 20 32  |e: Thu, 10 Jul 2|
00a9dc20  30 32 35 20 30 38 3a 31  37 3a 32 33 20 47 4d 54  |025 08:17:23 GMT|
00a9dc30  0d 0a 63 6f 6e 74 65 6e  74 2d 74 79 70 65 3a 20  |..content-type: |
00a9dc40  61 70 70 6c 69 63 61 74  69 6f 6e 2f 6a 73 6f 6e  |application/json|
00a9dc50  0d 0a 63 6f 6e 74 65 6e  74 2d 6c 65 6e 67 74 68  |..content-length|
00a9dc60  3a 20 31 30 34 38 35 38  35 30 0d 0a 1a b4 cd 1c  |: 10485850......|
00a9dc70  7b 22 63 68 61 72 22 3a  22 41 41 41 41 41 41 41  |{"char":"AAAAAAA|
00a9dc80  41 41 41 41 41 41 41 41  41 41 41 41 41 41 41 41  |AAAAAAAAAAAAAAAA|
*
00b10320  41 41 41 41 2a 01 2e 32  22 0a 20 35 61 63 34 39  |AAAA*..2". 5ac49|
00b10330  39 37 36 35 30 32 39 65  35 66 66 36 31 34 39 63  |9765029e5ff6149c|
00b10340  39 66 35 31 35 33 31 38  64 38 35 00 00 04 91 0a  |9f515318d85.....|
00b10350  24 63 37 66 63 66 30 61  36 2d 34 37 65 31 2d 34  |$c7fcf0a6-47e1-4|
00b10360  35 65 35 2d 62 30 38 66  2d 35 63 35 34 31 37 38  |5e5-b08f-5c54178|
00b10370  34 32 32 38 37 12 8e 01  0a 0f 31 32 37 2e 30 2e  |42287.....127.0.|
00b10380  30 2e 31 3a 34 39 37 36  32 12 0e 31 32 37 2e 30  |0.1:49762..127.0|
00b10390  2e 30 2e 31 3a 31 30 30  30 1a 0f 31 32 37 2e 30  |.0.1:1000..127.0|
00b103a0  2e 30 2e 31 3a 34 39 37  36 32 22 12 31 37 32 2e  |.0.1:49762".172.|
00b103b0  31 36 2e 38 38 2e 31 38  39 3a 38 38 35 37 2a 13  |16.88.189:8857*.|
00b103c0  31 37 32 2e 32 39 2e 31  33 32 2e 33 31 3a 35 30  |172.29.132.31:50|
00b103d0  39 37 34 42 0d 70 72 6f  78 79 5f 63 6c 75 73 74  |974B.proxy_clust|
00b103e0  65 72 50 94 ee bd c3 06  58 c7 06 68 bd 04 70 c6  |erP.....X..h..p.|
00b103f0  06 88 01 cf 01 9a 01 0e  31 32 37 2e 30 2e 30 2e  |........127.0.0.|
00b10400  31 3a 31 30 30 30 1a e4  04 0a 19 47 45 54 20 2f  |1:1000.....GET /|
00b10410  66 61 76 69 63 6f 6e 2e  69 63 6f 20 48 54 54 50  |favicon.ico HTTP|
00b10420  2f 31 2e 31 12 c4 04 3a  61 75 74 68 6f 72 69 74  |/1.1...:authorit|
00b10430  79 3a 20 6f 61 2e 6f 75  72 79 75 6e 2e 63 6e 0d  |y: oa.ouryun.cn.|
00b10440  0a 3a 73 63 68 65 6d 65  3a 20 68 74 74 70 0d 0a  |.:scheme: http..|
00b10450  75 73 65 72 2d 61 67 65  6e 74 3a 20 4d 6f 7a 69  |user-agent: Mozi|
00b10460  6c 6c 61 2f 35 2e 30 20  28 57 69 6e 64 6f 77 73  |lla/5.0 (Windows|
00b10470  20 4e 54 20 31 30 2e 30  3b 20 57 69 6e 36 34 3b  | NT 10.0; Win64;|
00b10480  20 78 36 34 3b 20 72 76  3a 31 34 30 2e 30 29 20  | x64; rv:140.0) |
00b10490  47 65 63 6b 6f 2f 32 30  31 30 30 31 30 31 20 46  |Gecko/20100101 F|
00b104a0  69 72 65 66 6f 78 2f 31  34 30 2e 30 0d 0a 61 63  |irefox/140.0..ac|
00b104b0  63 65 70 74 3a 20 69 6d  61 67 65 2f 61 76 69 66  |cept: image/avif|
00b104c0  2c 69 6d 61 67 65 2f 77  65 62 70 2c 69 6d 61 67  |,image/webp,imag|
00b104d0  65 2f 70 6e 67 2c 69 6d  61 67 65 2f 73 76 67 2b  |e/png,image/svg+|
00b104e0  78 6d 6c 2c 69 6d 61 67  65 2f 2a 3b 71 3d 30 2e  |xml,image/*;q=0.|
00b104f0  38 2c 2a 2f 2a 3b 71 3d  30 2e 35 0d 0a 61 63 63  |8,*/*;q=0.5..acc|
00b10500  65 70 74 2d 6c 61 6e 67  75 61 67 65 3a 20 7a 68  |ept-language: zh|
00b10510  2d 43 4e 2c 7a 68 3b 71  3d 30 2e 38 2c 7a 68 2d  |-CN,zh;q=0.8,zh-|
00b10520  54 57 3b 71 3d 30 2e 37  2c 7a 68 2d 48 4b 3b 71  |TW;q=0.7,zh-HK;q|
00b10530  3d 30 2e 35 2c 65 6e 2d  55 53 3b 71 3d 30 2e 33  |=0.5,en-US;q=0.3|
00b10540  2c 65 6e 3b 71 3d 30 2e  32 0d 0a 61 63 63 65 70  |,en;q=0.2..accep|
00b10550  74 2d 65 6e 63 6f 64 69  6e 67 3a 20 67 7a 69 70  |t-encoding: gzip|
00b10560  2c 20 64 65 66 6c 61 74  65 2c 20 62 72 2c 20 7a  |, deflate, br, z|
00b10570  73 74 64 0d 0a 72 65 66  65 72 65 72 3a 20 68 74  |std..referer: ht|
00b10580  74 70 3a 2f 2f 31 32 37  2e 30 2e 30 2e 31 3a 31  |tp://127.0.0.1:1|
00b10590  30 30 30 2f 6c 61 72 67  65 5f 73 65 72 76 69 63  |000/large_servic|
00b105a0  65 0d 0a 73 65 63 2d 66  65 74 63 68 2d 64 65 73  |e..sec-fetch-des|
00b105b0  74 3a 20 69 6d 61 67 65  0d 0a 73 65 63 2d 66 65  |t: image..sec-fe|
00b105c0  74 63 68 2d 6d 6f 64 65  3a 20 6e 6f 2d 63 6f 72  |tch-mode: no-cor|
00b105d0  73 0d 0a 73 65 63 2d 66  65 74 63 68 2d 73 69 74  |s..sec-fetch-sit|
00b105e0  65 3a 20 63 72 6f 73 73  2d 73 69 74 65 0d 0a 70  |e: cross-site..p|
00b105f0  72 69 6f 72 69 74 79 3a  20 75 3d 36 0d 0a 78 2d  |riority: u=6..x-|
00b10600  66 6f 72 77 61 72 64 65  64 2d 66 6f 72 3a 20 31  |forwarded-for: 1|
00b10610  37 32 2e 32 39 2e 31 33  32 2e 33 31 0d 0a 78 2d  |72.29.132.31..x-|
00b10620  66 6f 72 77 61 72 64 65  64 2d 70 72 6f 74 6f 3a  |forwarded-proto:|
00b10630  20 68 74 74 70 0d 0a 78  2d 72 65 71 75 65 73 74  | http..x-request|
00b10640  2d 69 64 3a 20 63 37 66  63 66 30 61 36 2d 34 37  |-id: c7fcf0a6-47|
00b10650  65 31 2d 34 35 65 35 2d  62 30 38 66 2d 35 63 35  |e1-45e5-b08f-5c5|
00b10660  34 31 37 38 34 32 32 38  37 0d 0a 1a 00 22 eb 02  |417842287...."..|
00b10670  0a 16 48 54 54 50 2f 31  2e 31 20 34 30 34 20 4e  |..HTTP/1.1 404 N|
00b10680  6f 74 20 46 6f 75 6e 64  12 7f 3a 73 74 61 74 75  |ot Found..:statu|
00b10690  73 3a 20 34 30 34 0d 0a  73 65 72 76 65 72 3a 20  |s: 404..server: |
00b106a0  65 6e 76 6f 79 0d 0a 64  61 74 65 3a 20 54 68 75  |envoy..date: Thu|
00b106b0  2c 20 31 30 20 4a 75 6c  20 32 30 32 35 20 30 38  |, 10 Jul 2025 08|
00b106c0  3a 31 37 3a 32 36 20 47  4d 54 0d 0a 63 6f 6e 74  |:17:26 GMT..cont|
00b106d0  65 6e 74 2d 74 79 70 65  3a 20 74 65 78 74 2f 68  |ent-type: text/h|
00b106e0  74 6d 6c 3b 20 63 68 61  72 73 65 74 3d 75 74 66  |tml; charset=utf|
00b106f0  2d 38 0d 0a 63 6f 6e 74  65 6e 74 2d 6c 65 6e 67  |-8..content-leng|
00b10700  74 68 3a 20 32 30 37 0d  0a 1a cf 01 3c 21 64 6f  |th: 207.....<!do|
00b10710  63 74 79 70 65 20 68 74  6d 6c 3e 0a 3c 68 74 6d  |ctype html>.<htm|
00b10720  6c 20 6c 61 6e 67 3d 65  6e 3e 0a 3c 74 69 74 6c  |l lang=en>.<titl|
00b10730  65 3e 34 30 34 20 4e 6f  74 20 46 6f 75 6e 64 3c  |e>404 Not Found<|
00b10740  2f 74 69 74 6c 65 3e 0a  3c 68 31 3e 4e 6f 74 20  |/title>.<h1>Not |
00b10750  46 6f 75 6e 64 3c 2f 68  31 3e 0a 3c 70 3e 54 68  |Found</h1>.<p>Th|
00b10760  65 20 72 65 71 75 65 73  74 65 64 20 55 52 4c 20  |e requested URL |
00b10770  77 61 73 20 6e 6f 74 20  66 6f 75 6e 64 20 6f 6e  |was not found on|
00b10780  20 74 68 65 20 73 65 72  76 65 72 2e 20 49 66 20  | the server. If |
00b10790  79 6f 75 20 65 6e 74 65  72 65 64 20 74 68 65 20  |you entered the |
00b107a0  55 52 4c 20 6d 61 6e 75  61 6c 6c 79 20 70 6c 65  |URL manually ple|
00b107b0  61 73 65 20 63 68 65 63  6b 20 79 6f 75 72 20 73  |ase check your s|
00b107c0  70 65 6c 6c 69 6e 67 20  61 6e 64 20 74 72 79 20  |pelling and try |
00b107d0  61 67 61 69 6e 2e 3c 2f  70 3e 0a 2a 01 2e 32 00  |again.</p>.*..2.|
00b107e0  80 9f ff e8 6d 6d 09 ba  e6 3f 45 ef 9c 7f 34 b5  |....mm...?E...4.|
00b107f0  62 b2 a2 99 00 02 00 00  0a 24 36 64 36 64 30 39  |b........$6d6d09|
00b10800  62 61 2d 65 36 33 66 2d  34 35 65 66 2d 39 63 37  |ba-e63f-45ef-9c7|
00b10810  66 2d 33 34 62 35 36 32  62 32 61 32 39 39 12 91  |f-34b562b2a299..|
00b10820  01 0a 0f 31 32 37 2e 30  2e 30 2e 31 3a 34 39 37  |...127.0.0.1:497|
00b10830  35 38 12 0e 31 32 37 2e  30 2e 30 2e 31 3a 31 30  |58..127.0.0.1:10|
00b10840  30 30 1a 0f 31 32 37 2e  30 2e 30 2e 31 3a 34 39  |00..127.0.0.1:49|
00b10850  37 35 38 22 12 31 37 32  2e 31 36 2e 38 38 2e 31  |758".172.16.88.1|
00b10860  38 39 3a 38 38 35 37 2a  13 31 37 32 2e 32 39 2e  |89:8857*.172.29.|
00b10870  31 33 32 2e 33 31 3a 35  30 39 37 30 42 0d 70 72  |132.31:50970B.pr|
00b10880  6f 78 79 5f 63 6c 75 73  74 65 72 50 93 ee bd c3  |oxy_clusterP....|
00b10890  06 58 f4 20 68 52 70 6f  78 85 20 88 01 da 80 80  |.X. hRpox. .....|
00b108a0  05 9a 01 0e 31 32 37 2e  30 2e 30 2e 31 3a 31 30  |....127.0.0.1:10|
00b108b0  30 30 1a c7 07 0a 1b 47  45 54 20 2f 6c 61 72 67  |00.....GET /larg|
00b108c0  65 5f 73 65 72 76 69 63  65 20 48 54 54 50 2f 31  |e_service HTTP/1|
00b108d0  2e 31 12 a5 07 3a 61 75  74 68 6f 72 69 74 79 3a  |.1...:authority:|
00b108e0  20 6f 61 2e 6f 75 72 79  75 6e 2e 63 6e 0d 0a 3a  | oa.ouryun.cn..:|
00b108f0  73 63 68 65 6d 65 3a 20  68 74 74 70 0d 0a 75 73  |scheme: http..us|
00b10900  65 72 2d 61 67 65 6e 74  3a 20 4d 6f 7a 69 6c 6c  |er-agent: Mozill|
00b10910  61 2f 35 2e 30 20 28 57  69 6e 64 6f 77 73 20 4e  |a/5.0 (Windows N|
00b10920  54 20 31 30 2e 30 3b 20  57 69 6e 36 34 3b 20 78  |T 10.0; Win64; x|
00b10930  36 34 3b 20 72 76 3a 31  34 30 2e 30 29 20 47 65  |64; rv:140.0) Ge|
00b10940  63 6b 6f 2f 32 30 31 30  30 31 30 31 20 46 69 72  |cko/20100101 Fir|
00b10950  65 66 6f 78 2f 31 34 30  2e 30 0d 0a 61 63 63 65  |efox/140.0..acce|
00b10960  70 74 3a 20 74 65 78 74  2f 68 74 6d 6c 2c 61 70  |pt: text/html,ap|
00b10970  70 6c 69 63 61 74 69 6f  6e 2f 78 68 74 6d 6c 2b  |plication/xhtml+|
00b10980  78 6d 6c 2c 61 70 70 6c  69 63 61 74 69 6f 6e 2f  |xml,application/|
00b10990  78 6d 6c 3b 71 3d 30 2e  39 2c 2a 2f 2a 3b 71 3d  |xml;q=0.9,*/*;q=|
00b109a0  30 2e 38 0d 0a 61 63 63  65 70 74 2d 6c 61 6e 67  |0.8..accept-lang|
00b109b0  75 61 67 65 3a 20 7a 68  2d 43 4e 2c 7a 68 3b 71  |uage: zh-CN,zh;q|
00b109c0  3d 30 2e 38 2c 7a 68 2d  54 57 3b 71 3d 30 2e 37  |=0.8,zh-TW;q=0.7|
00b109d0  2c 7a 68 2d 48 4b 3b 71  3d 30 2e 35 2c 65 6e 2d  |,zh-HK;q=0.5,en-|
00b109e0  55 53 3b 71 3d 30 2e 33  2c 65 6e 3b 71 3d 30 2e  |US;q=0.3,en;q=0.|
00b109f0  32 0d 0a 61 63 63 65 70  74 2d 65 6e 63 6f 64 69  |2..accept-encodi|
00b10a00  6e 67 3a 20 67 7a 69 70  2c 20 64 65 66 6c 61 74  |ng: gzip, deflat|
00b10a10  65 2c 20 62 72 2c 20 7a  73 74 64 0d 0a 75 70 67  |e, br, zstd..upg|
00b10a20  72 61 64 65 2d 69 6e 73  65 63 75 72 65 2d 72 65  |rade-insecure-re|
00b10a30  71 75 65 73 74 73 3a 20  31 0d 0a 73 65 63 2d 66  |quests: 1..sec-f|
00b10a40  65 74 63 68 2d 64 65 73  74 3a 20 64 6f 63 75 6d  |etch-dest: docum|
00b10a50  65 6e 74 0d 0a 73 65 63  2d 66 65 74 63 68 2d 6d  |ent..sec-fetch-m|
00b10a60  6f 64 65 3a 20 6e 61 76  69 67 61 74 65 0d 0a 73  |ode: navigate..s|
00b10a70  65 63 2d 66 65 74 63 68  2d 73 69 74 65 3a 20 6e  |ec-fetch-site: n|
00b10a80  6f 6e 65 0d 0a 73 65 63  2d 66 65 74 63 68 2d 75  |one..sec-fetch-u|
00b10a90  73 65 72 3a 20 3f 31 0d  0a 70 72 69 6f 72 69 74  |ser: ?1..priorit|
00b10aa0  79 3a 20 75 3d 30 2c 20  69 0d 0a 78 2d 66 6f 72  |y: u=0, i..x-for|
00b10ab0  77 61 72 64 65 64 2d 66  6f 72 3a 20 31 37 32 2e  |warded-for: 172.|
00b10ac0  32 39 2e 31 33 32 2e 33  31 0d 0a 78 2d 66 6f 72  |29.132.31..x-for|
00b10ad0  77 61 72 64 65 64 2d 70  72 6f 74 6f 3a 20 68 74  |warded-proto: ht|
00b10ae0  74 70 0d 0a 78 2d 72 65  71 75 65 73 74 2d 69 64  |tp..x-request-id|
00b10af0  3a 20 36 64 36 64 30 39  62 61 2d 65 36 33 66 2d  |: 6d6d09ba-e63f-|
00b10b00  34 35 65 66 2d 39 63 37  66 2d 33 34 62 35 36 32  |45ef-9c7f-34b562|
00b10b10  62 32 61 32 39 39 0d 0a  73 72 5f 66 70 5f 76 61  |b2a299..sr_fp_va|
00b10b20  6c 75 65 3a 20 35 61 63  34 39 39 37 36 35 30 32  |lue: 5ac49976502|
00b10b30  39 65 35 66 66 36 31 34  39 63 39 66 35 31 35 33  |9e5ff6149c9f5153|
00b10b40  31 38 64 38 35 0d 0a 63  6f 6f 6b 69 65 3a 20 50  |18d85..cookie: P|
00b10b50  48 50 53 45 53 53 49 44  3d 33 63 62 61 32 32 64  |HPSESSID=3cba22d|
00b10b60  30 61 36 64 35 61 32 31  30 61 33 33 31 30 65 63  |0a6d5a210a3310ec|
00b10b70  35 34 34 30 31 61 66 38  38 3b 20 73 69 64 65 62  |54401af88; sideb|
00b10b80  61 72 53 74 61 74 75 73  3d 30 3b 20 41 64 6d 69  |arStatus=0; Admi|
00b10b90  6e 2d 54 6f 6b 65 6e 2d  43 52 4d 3d 65 79 4a 30  |n-Token-CRM=eyJ0|
00b10ba0  65 58 41 69 4f 69 4a 4b  56 31 51 69 4c 43 4a 68  |eXAiOiJKV1QiLCJh|
00b10bb0  62 47 63 69 4f 69 4a 49  55 7a 49 31 4e 69 4a 39  |bGciOiJIUzI1NiJ9|
00b10bc0  2e 65 79 4a 73 59 58 51  69 4f 6a 45 33 4e 54 41  |.eyJsYXQiOjE3NTA|
00b10bd0  32 4e 44 51 34 4f 44 4d  73 49 6d 35 69 5a 69 49  |2NDQ4ODMsIm5iZiI|
00b10be0  36 4d 54 63 31 4d 44 59  30 4e 44 67 34 4d 79 77  |6MTc1MDY0NDg4Myw|
00b10bf0  69 5a 58 68 77 49 6a 6f  78 4e 7a 55 77 4e 7a 4d  |iZXhwIjoxNzUwNzM|
00b10c00  78 4d 6a 67 7a 4c 43 4a  31 61 57 51 69 4f 6a 55  |xMjgzLCJ1aWQiOjU|
00b10c10  31 4d 43 77 69 64 48 6c  77 5a 53 49 36 49 6e 56  |1MCwidHlwZSI6InV|
00b10c20  7a 5a 58 49 69 4c 43 4a  79 59 57 35 6b 49 6a 6f  |zZXIiLCJyYW5kIjo|
00b10c30  69 4d 54 63 31 4d 44 59  30 4e 44 67 34 4d 32 31  |iMTc1MDY0NDg4M21|
00b10c40  71 61 6e 64 6c 4d 32 5a  6d 49 6e 30 2e 41 56 6e  |qandlM2ZmIn0.AVn|
00b10c50  75 63 44 48 67 46 38 52  69 49 69 4f 31 78 6c 6b  |ucDHgF8RiIiO1xlk|
00b10c60  5f 5f 79 52 75 41 6d 36  67 53 6a 6b 66 34 48 32  |__yRuAm6gSjkf4H2|
00b10c70  76 35 38 39 37 67 79 49  0d 0a 1a 00 22 ee 81 80  |v5897gyI...."...|
00b10c80  05 0a 0f 48 54 54 50 2f  31 2e 31 20 32 30 30 20  |...HTTP/1.1 200 |
00b10c90  4f 4b 12 7c 3a 73 74 61  74 75 73 3a 20 32 30 30  |OK.|:status: 200|
00b10ca0  0d 0a 73 65 72 76 65 72  3a 20 65 6e 76 6f 79 0d  |..server: envoy.|
00b10cb0  0a 64 61 74 65 3a 20 54  68 75 2c 20 31 30 20 4a  |.date: Thu, 10 J|
00b10cc0  75 6c 20 32 30 32 35 20  30 38 3a 31 37 3a 32 34  |ul 2025 08:17:24|
00b10cd0  20 47 4d 54 0d 0a 63 6f  6e 74 65 6e 74 2d 74 79  | GMT..content-ty|
00b10ce0  70 65 3a 20 61 70 70 6c  69 63 61 74 69 6f 6e 2f  |pe: application/|
00b10cf0  6a 73 6f 6e 0d 0a 63 6f  6e 74 65 6e 74 2d 6c 65  |json..content-le|
00b10d00  6e 67 74 68 3a 20 31 30  34 38 35 38 35 30 0d 0a  |ngth: 10485850..|
00b10d10  1a da 80 80 05 7b 22 63  68 61 72 22 3a 22 41 41  |.....{"char":"AA|
00b10d20  41 41 41 41 41 41 41 41  41 41 41 41 41 41 41 41  |AAAAAAAAAAAAAAAA|
*
015107e0  80 00 05 b6 6d 6d 09 ba  e6 3f 45 ef 9c 7f 34 b5  |....mm...?E...4.|
015107f0  62 b2 a2 99 00 02 00 01  41 41 41 41 41 41 41 41  |b.......AAAAAAAA|
01510800  41 41 41 41 41 41 41 41  41 41 41 41 41 41 41 41  |AAAAAAAAAAAAAAAA|
*
01510d30  41 41 41 41 41 41 22 2c  22 6d 65 73 73 61 67 65  |AAAAAA","message|
01510d40  22 3a 22 73 75 63 63 65  73 73 22 2c 22 64 65 73  |":"success","des|
01510d50  65 6e 73 5f 70 68 6f 6e  65 22 3a 22 31 35 31 2a  |ens_phone":"151*|
01510d60  2a 2a 2a 35 36 37 38 22  2c 22 65 6d 61 69 6c 22  |***5678","email"|
01510d70  3a 22 65 78 61 6d 70 6c  65 40 65 78 61 6d 70 6c  |:"example@exampl|
01510d80  65 2e 63 6f 6d 22 7d 2a  01 2e 32 22 0a 20 35 61  |e.com"}*..2". 5a|
01510d90  63 34 39 39 37 36 35 30  32 39 65 35 66 66 36 31  |c499765029e5ff61|
01510da0  34 39 63 39 66 35 31 35  33 31 38 64 38 35 00 00  |49c9f515318d85..|
01510db0  04 90 0a 24 34 66 38 64  63 35 30 63 2d 30 61 32  |...$4f8dc50c-0a2|
01510dc0  31 2d 34 31 66 38 2d 62  61 65 36 2d 37 31 38 66  |1-41f8-bae6-718f|
01510dd0  62 39 34 37 30 39 37 63  12 8d 01 0a 0f 31 32 37  |b947097c.....127|
01510de0  2e 30 2e 30 2e 31 3a 34  39 37 36 32 12 0e 31 32  |.0.0.1:49762..12|
01510df0  37 2e 30 2e 30 2e 31 3a  31 30 30 30 1a 0f 31 32  |7.0.0.1:1000..12|
01510e00  37 2e 30 2e 30 2e 31 3a  34 39 37 36 32 22 12 31  |7.0.0.1:49762".1|
01510e10  37 32 2e 31 36 2e 38 38  2e 31 38 39 3a 38 38 35  |72.16.88.189:885|
01510e20  37 2a 13 31 37 32 2e 32  39 2e 31 33 32 2e 33 31  |7*.172.29.132.31|
01510e30  3a 35 30 39 37 38 42 0d  70 72 6f 78 79 5f 63 6c  |:50978B.proxy_cl|
01510e40  75 73 74 65 72 50 9a ee  bd c3 06 58 8a 01 68 2e  |usterP.....X..h.|
01510e50  70 89 01 88 01 cf 01 9a  01 0e 31 32 37 2e 30 2e  |p.........127.0.|
01510e60  30 2e 31 3a 31 30 30 30  1a e4 04 0a 19 47 45 54  |0.1:1000.....GET|
01510e70  20 2f 66 61 76 69 63 6f  6e 2e 69 63 6f 20 48 54  | /favicon.ico HT|
01510e80  54 50 2f 31 2e 31 12 c4  04 3a 61 75 74 68 6f 72  |TP/1.1...:author|
01510e90  69 74 79 3a 20 6f 61 2e  6f 75 72 79 75 6e 2e 63  |ity: oa.ouryun.c|
01510ea0  6e 0d 0a 3a 73 63 68 65  6d 65 3a 20 68 74 74 70  |n..:scheme: http|
01510eb0  0d 0a 75 73 65 72 2d 61  67 65 6e 74 3a 20 4d 6f  |..user-agent: Mo|
01510ec0  7a 69 6c 6c 61 2f 35 2e  30 20 28 57 69 6e 64 6f  |zilla/5.0 (Windo|
01510ed0  77 73 20 4e 54 20 31 30  2e 30 3b 20 57 69 6e 36  |ws NT 10.0; Win6|
01510ee0  34 3b 20 78 36 34 3b 20  72 76 3a 31 34 30 2e 30  |4; x64; rv:140.0|
01510ef0  29 20 47 65 63 6b 6f 2f  32 30 31 30 30 31 30 31  |) Gecko/20100101|
01510f00  20 46 69 72 65 66 6f 78  2f 31 34 30 2e 30 0d 0a  | Firefox/140.0..|
01510f10  61 63 63 65 70 74 3a 20  69 6d 61 67 65 2f 61 76  |accept: image/av|
01510f20  69 66 2c 69 6d 61 67 65  2f 77 65 62 70 2c 69 6d  |if,image/webp,im|
01510f30  61 67 65 2f 70 6e 67 2c  69 6d 61 67 65 2f 73 76  |age/png,image/sv|
01510f40  67 2b 78 6d 6c 2c 69 6d  61 67 65 2f 2a 3b 71 3d  |g+xml,image/*;q=|
01510f50  30 2e 38 2c 2a 2f 2a 3b  71 3d 30 2e 35 0d 0a 61  |0.8,*/*;q=0.5..a|
01510f60  63 63 65 70 74 2d 6c 61  6e 67 75 61 67 65 3a 20  |ccept-language: |
01510f70  7a 68 2d 43 4e 2c 7a 68  3b 71 3d 30 2e 38 2c 7a  |zh-CN,zh;q=0.8,z|
01510f80  68 2d 54 57 3b 71 3d 30  2e 37 2c 7a 68 2d 48 4b  |h-TW;q=0.7,zh-HK|
01510f90  3b 71 3d 30 2e 35 2c 65  6e 2d 55 53 3b 71 3d 30  |;q=0.5,en-US;q=0|
01510fa0  2e 33 2c 65 6e 3b 71 3d  30 2e 32 0d 0a 61 63 63  |.3,en;q=0.2..acc|
01510fb0  65 70 74 2d 65 6e 63 6f  64 69 6e 67 3a 20 67 7a  |ept-encoding: gz|
01510fc0  69 70 2c 20 64 65 66 6c  61 74 65 2c 20 62 72 2c  |ip, deflate, br,|
01510fd0  20 7a 73 74 64 0d 0a 72  65 66 65 72 65 72 3a 20  | zstd..referer: |
01510fe0  68 74 74 70 3a 2f 2f 31  32 37 2e 30 2e 30 2e 31  |http://127.0.0.1|
01510ff0  3a 31 30 30 30 2f 6c 61  72 67 65 5f 73 65 72 76  |:1000/large_serv|
01511000  69 63 65 0d 0a 73 65 63  2d 66 65 74 63 68 2d 64  |ice..sec-fetch-d|
01511010  65 73 74 3a 20 69 6d 61  67 65 0d 0a 73 65 63 2d  |est: image..sec-|
01511020  66 65 74 63 68 2d 6d 6f  64 65 3a 20 6e 6f 2d 63  |fetch-mode: no-c|
01511030  6f 72 73 0d 0a 73 65 63  2d 66 65 74 63 68 2d 73  |ors..sec-fetch-s|
01511040  69 74 65 3a 20 63 72 6f  73 73 2d 73 69 74 65 0d  |ite: cross-site.|
01511050  0a 70 72 69 6f 72 69 74  79 3a 20 75 3d 36 0d 0a  |.priority: u=6..|
01511060  78 2d 66 6f 72 77 61 72  64 65 64 2d 66 6f 72 3a  |x-forwarded-for:|
01511070  20 31 37 32 2e 32 39 2e  31 33 32 2e 33 31 0d 0a  | 172.29.132.31..|
01511080  78 2d 66 6f 72 77 61 72  64 65 64 2d 70 72 6f 74  |x-forwarded-prot|
01511090  6f 3a 20 68 74 74 70 0d  0a 78 2d 72 65 71 75 65  |o: http..x-reque|
015110a0  73 74 2d 69 64 3a 20 34  66 38 64 63 35 30 63 2d  |st-id: 4f8dc50c-|
015110b0  30 61 32 31 2d 34 31 66  38 2d 62 61 65 36 2d 37  |0a21-41f8-bae6-7|
015110c0  31 38 66 62 39 34 37 30  39 37 63 0d 0a 1a 00 22  |18fb947097c...."|
015110d0  eb 02 0a 16 48 54 54 50  2f 31 2e 31 20 34 30 34  |....HTTP/1.1 404|
015110e0  20 4e 6f 74 20 46 6f 75  6e 64 12 7f 3a 73 74 61  | Not Found..:sta|
015110f0  74 75 73 3a 20 34 30 34  0d 0a 73 65 72 76 65 72  |tus: 404..server|
01511100  3a 20 65 6e 76 6f 79 0d  0a 64 61 74 65 3a 20 54  |: envoy..date: T|
01511110  68 75 2c 20 31 30 20 4a  75 6c 20 32 30 32 35 20  |hu, 10 Jul 2025 |
01511120  30 38 3a 31 37 3a 33 30  20 47 4d 54 0d 0a 63 6f  |08:17:30 GMT..co|
01511130  6e 74 65 6e 74 2d 74 79  70 65 3a 20 74 65 78 74  |ntent-type: text|
01511140  2f 68 74 6d 6c 3b 20 63  68 61 72 73 65 74 3d 75  |/html; charset=u|
01511150  74 66 2d 38 0d 0a 63 6f  6e 74 65 6e 74 2d 6c 65  |tf-8..content-le|
01511160  6e 67 74 68 3a 20 32 30  37 0d 0a 1a cf 01 3c 21  |ngth: 207.....<!|
01511170  64 6f 63 74 79 70 65 20  68 74 6d 6c 3e 0a 3c 68  |doctype html>.<h|
01511180  74 6d 6c 20 6c 61 6e 67  3d 65 6e 3e 0a 3c 74 69  |tml lang=en>.<ti|
01511190  74 6c 65 3e 34 30 34 20  4e 6f 74 20 46 6f 75 6e  |tle>404 Not Foun|
015111a0  64 3c 2f 74 69 74 6c 65  3e 0a 3c 68 31 3e 4e 6f  |d</title>.<h1>No|
015111b0  74 20 46 6f 75 6e 64 3c  2f 68 31 3e 0a 3c 70 3e  |t Found</h1>.<p>|
015111c0  54 68 65 20 72 65 71 75  65 73 74 65 64 20 55 52  |The requested UR|
015111d0  4c 20 77 61 73 20 6e 6f  74 20 66 6f 75 6e 64 20  |L was not found |
015111e0  6f 6e 20 74 68 65 20 73  65 72 76 65 72 2e 20 49  |on the server. I|
015111f0  66 20 79 6f 75 20 65 6e  74 65 72 65 64 20 74 68  |f you entered th|
01511200  65 20 55 52 4c 20 6d 61  6e 75 61 6c 6c 79 20 70  |e URL manually p|
01511210  6c 65 61 73 65 20 63 68  65 63 6b 20 79 6f 75 72  |lease check your|
01511220  20 73 70 65 6c 6c 69 6e  67 20 61 6e 64 20 74 72  | spelling and tr|
01511230  79 20 61 67 61 69 6e 2e  3c 2f 70 3e 0a 2a 01 2e  |y again.</p>.*..|
01511240  32 00 80 9f ff e8 3b 5c  a9 5c b3 ed 46 ee a0 34  |2.....;\.\..F..4|
01511250  ea 74 0e c0 d5 88 00 02  00 00 0a 24 33 62 35 63  |.t.........$3b5c|
01511260  61 39 35 63 2d 62 33 65  64 2d 34 36 65 65 2d 61  |a95c-b3ed-46ee-a|
01511270  30 33 34 2d 65 61 37 34  30 65 63 30 64 35 38 38  |034-ea740ec0d588|
01511280  12 91 01 0a 0f 31 32 37  2e 30 2e 30 2e 31 3a 34  |.....127.0.0.1:4|
01511290  39 37 35 38 12 0e 31 32  37 2e 30 2e 30 2e 31 3a  |9758..127.0.0.1:|
015112a0  31 30 30 30 1a 0f 31 32  37 2e 30 2e 30 2e 31 3a  |1000..127.0.0.1:|
015112b0  34 39 37 35 38 22 12 31  37 32 2e 31 36 2e 38 38  |49758".172.16.88|
015112c0  2e 31 38 39 3a 38 38 35  37 2a 13 31 37 32 2e 32  |.189:8857*.172.2|
015112d0  39 2e 31 33 32 2e 33 31  3a 35 30 39 37 36 42 0d  |9.132.31:50976B.|
015112e0  70 72 6f 78 79 5f 63 6c  75 73 74 65 72 50 98 ee  |proxy_clusterP..|
015112f0  bd c3 06 58 f7 19 68 13  70 3b 78 bc 19 88 01 da  |...X..h.p;x.....|
01511300  80 80 05 9a 01 0e 31 32  37 2e 30 2e 30 2e 31 3a  |......127.0.0.1:|
01511310  31 30 30 30 1a c7 07 0a  1b 47 45 54 20 2f 6c 61  |1000.....GET /la|
01511320  72 67 65 5f 73 65 72 76  69 63 65 20 48 54 54 50  |rge_service HTTP|
01511330  2f 31 2e 31 12 a5 07 3a  61 75 74 68 6f 72 69 74  |/1.1...:authorit|
01511340  79 3a 20 6f 61 2e 6f 75  72 79 75 6e 2e 63 6e 0d  |y: oa.ouryun.cn.|
01511350  0a 3a 73 63 68 65 6d 65  3a 20 68 74 74 70 0d 0a  |.:scheme: http..|
01511360  75 73 65 72 2d 61 67 65  6e 74 3a 20 4d 6f 7a 69  |user-agent: Mozi|
01511370  6c 6c 61 2f 35 2e 30 20  28 57 69 6e 64 6f 77 73  |lla/5.0 (Windows|
01511380  20 4e 54 20 31 30 2e 30  3b 20 57 69 6e 36 34 3b  | NT 10.0; Win64;|
01511390  20 78 36 34 3b 20 72 76  3a 31 34 30 2e 30 29 20  | x64; rv:140.0) |
015113a0  47 65 63 6b 6f 2f 32 30  31 30 30 31 30 31 20 46  |Gecko/20100101 F|
015113b0  69 72 65 66 6f 78 2f 31  34 30 2e 30 0d 0a 61 63  |irefox/140.0..ac|
015113c0  63 65 70 74 3a 20 74 65  78 74 2f 68 74 6d 6c 2c  |cept: text/html,|
015113d0  61 70 70 6c 69 63 61 74  69 6f 6e 2f 78 68 74 6d  |application/xhtm|
015113e0  6c 2b 78 6d 6c 2c 61 70  70 6c 69 63 61 74 69 6f  |l+xml,applicatio|
015113f0  6e 2f 78 6d 6c 3b 71 3d  30 2e 39 2c 2a 2f 2a 3b  |n/xml;q=0.9,*/*;|
01511400  71 3d 30 2e 38 0d 0a 61  63 63 65 70 74 2d 6c 61  |q=0.8..accept-la|
01511410  6e 67 75 61 67 65 3a 20  7a 68 2d 43 4e 2c 7a 68  |nguage: zh-CN,zh|
01511420  3b 71 3d 30 2e 38 2c 7a  68 2d 54 57 3b 71 3d 30  |;q=0.8,zh-TW;q=0|
01511430  2e 37 2c 7a 68 2d 48 4b  3b 71 3d 30 2e 35 2c 65  |.7,zh-HK;q=0.5,e|
01511440  6e 2d 55 53 3b 71 3d 30  2e 33 2c 65 6e 3b 71 3d  |n-US;q=0.3,en;q=|
01511450  30 2e 32 0d 0a 61 63 63  65 70 74 2d 65 6e 63 6f  |0.2..accept-enco|
01511460  64 69 6e 67 3a 20 67 7a  69 70 2c 20 64 65 66 6c  |ding: gzip, defl|
01511470  61 74 65 2c 20 62 72 2c  20 7a 73 74 64 0d 0a 75  |ate, br, zstd..u|
01511480  70 67 72 61 64 65 2d 69  6e 73 65 63 75 72 65 2d  |pgrade-insecure-|
01511490  72 65 71 75 65 73 74 73  3a 20 31 0d 0a 73 65 63  |requests: 1..sec|
015114a0  2d 66 65 74 63 68 2d 64  65 73 74 3a 20 64 6f 63  |-fetch-dest: doc|
015114b0  75 6d 65 6e 74 0d 0a 73  65 63 2d 66 65 74 63 68  |ument..sec-fetch|
015114c0  2d 6d 6f 64 65 3a 20 6e  61 76 69 67 61 74 65 0d  |-mode: navigate.|
015114d0  0a 73 65 63 2d 66 65 74  63 68 2d 73 69 74 65 3a  |.sec-fetch-site:|
015114e0  20 6e 6f 6e 65 0d 0a 73  65 63 2d 66 65 74 63 68  | none..sec-fetch|
015114f0  2d 75 73 65 72 3a 20 3f  31 0d 0a 70 72 69 6f 72  |-user: ?1..prior|
01511500  69 74 79 3a 20 75 3d 30  2c 20 69 0d 0a 78 2d 66  |ity: u=0, i..x-f|
01511510  6f 72 77 61 72 64 65 64  2d 66 6f 72 3a 20 31 37  |orwarded-for: 17|
01511520  32 2e 32 39 2e 31 33 32  2e 33 31 0d 0a 78 2d 66  |2.29.132.31..x-f|
01511530  6f 72 77 61 72 64 65 64  2d 70 72 6f 74 6f 3a 20  |orwarded-proto: |
01511540  68 74 74 70 0d 0a 78 2d  72 65 71 75 65 73 74 2d  |http..x-request-|
01511550  69 64 3a 20 33 62 35 63  61 39 35 63 2d 62 33 65  |id: 3b5ca95c-b3e|
01511560  64 2d 34 36 65 65 2d 61  30 33 34 2d 65 61 37 34  |d-46ee-a034-ea74|
01511570  30 65 63 30 64 35 38 38  0d 0a 73 72 5f 66 70 5f  |0ec0d588..sr_fp_|
01511580  76 61 6c 75 65 3a 20 35  61 63 34 39 39 37 36 35  |value: 5ac499765|
01511590  30 32 39 65 35 66 66 36  31 34 39 63 39 66 35 31  |029e5ff6149c9f51|
015115a0  35 33 31 38 64 38 35 0d  0a 63 6f 6f 6b 69 65 3a  |5318d85..cookie:|
015115b0  20 50 48 50 53 45 53 53  49 44 3d 33 63 62 61 32  | PHPSESSID=3cba2|
015115c0  32 64 30 61 36 64 35 61  32 31 30 61 33 33 31 30  |2d0a6d5a210a3310|
015115d0  65 63 35 34 34 30 31 61  66 38 38 3b 20 73 69 64  |ec54401af88; sid|
015115e0  65 62 61 72 53 74 61 74  75 73 3d 30 3b 20 41 64  |ebarStatus=0; Ad|
015115f0  6d 69 6e 2d 54 6f 6b 65  6e 2d 43 52 4d 3d 65 79  |min-Token-CRM=ey|
01511600  4a 30 65 58 41 69 4f 69  4a 4b 56 31 51 69 4c 43  |J0eXAiOiJKV1QiLC|
01511610  4a 68 62 47 63 69 4f 69  4a 49 55 7a 49 31 4e 69  |JhbGciOiJIUzI1Ni|
01511620  4a 39 2e 65 79 4a 73 59  58 51 69 4f 6a 45 33 4e  |J9.eyJsYXQiOjE3N|
01511630  54 41 32 4e 44 51 34 4f  44 4d 73 49 6d 35 69 5a  |TA2NDQ4ODMsIm5iZ|
01511640  69 49 36 4d 54 63 31 4d  44 59 30 4e 44 67 34 4d  |iI6MTc1MDY0NDg4M|
01511650  79 77 69 5a 58 68 77 49  6a 6f 78 4e 7a 55 77 4e  |ywiZXhwIjoxNzUwN|
01511660  7a 4d 78 4d 6a 67 7a 4c  43 4a 31 61 57 51 69 4f  |zMxMjgzLCJ1aWQiO|
01511670  6a 55 31 4d 43 77 69 64  48 6c 77 5a 53 49 36 49  |jU1MCwidHlwZSI6I|
01511680  6e 56 7a 5a 58 49 69 4c  43 4a 79 59 57 35 6b 49  |nVzZXIiLCJyYW5kI|
01511690  6a 6f 69 4d 54 63 31 4d  44 59 30 4e 44 67 34 4d  |joiMTc1MDY0NDg4M|
015116a0  32 31 71 61 6e 64 6c 4d  32 5a 6d 49 6e 30 2e 41  |21qandlM2ZmIn0.A|
015116b0  56 6e 75 63 44 48 67 46  38 52 69 49 69 4f 31 78  |VnucDHgF8RiIiO1x|
015116c0  6c 6b 5f 5f 79 52 75 41  6d 36 67 53 6a 6b 66 34  |lk__yRuAm6gSjkf4|
015116d0  48 32 76 35 38 39 37 67  79 49 0d 0a 1a 00 22 ee  |H2v5897gyI....".|
015116e0  81 80 05 0a 0f 48 54 54  50 2f 31 2e 31 20 32 30  |.....HTTP/1.1 20|
015116f0  30 20 4f 4b 12 7c 3a 73  74 61 74 75 73 3a 20 32  |0 OK.|:status: 2|
01511700  30 30 0d 0a 73 65 72 76  65 72 3a 20 65 6e 76 6f  |00..server: envo|
01511710  79 0d 0a 64 61 74 65 3a  20 54 68 75 2c 20 31 30  |y..date: Thu, 10|
01511720  20 4a 75 6c 20 32 30 32  35 20 30 38 3a 31 37 3a  | Jul 2025 08:17:|
01511730  32 39 20 47 4d 54 0d 0a  63 6f 6e 74 65 6e 74 2d  |29 GMT..content-|
01511740  74 79 70 65 3a 20 61 70  70 6c 69 63 61 74 69 6f  |type: applicatio|
01511750  6e 2f 6a 73 6f 6e 0d 0a  63 6f 6e 74 65 6e 74 2d  |n/json..content-|
01511760  6c 65 6e 67 74 68 3a 20  31 30 34 38 35 38 35 30  |length: 10485850|
01511770  0d 0a 1a da 80 80 05 7b  22 63 68 61 72 22 3a 22  |.......{"char":"|
01511780  41 41 41 41 41 41 41 41  41 41 41 41 41 41 41 41  |AAAAAAAAAAAAAAAA|
*
01f11240  41 41 80 00 05 b6 3b 5c  a9 5c b3 ed 46 ee a0 34  |AA....;\.\..F..4|
01f11250  ea 74 0e c0 d5 88 00 02  00 01 41 41 41 41 41 41  |.t........AAAAAA|
01f11260  41 41 41 41 41 41 41 41  41 41 41 41 41 41 41 41  |AAAAAAAAAAAAAAAA|
*
01f11790  41 41 41 41 41 41 41 41  22 2c 22 6d 65 73 73 61  |AAAAAAAA","messa|
01f117a0  67 65 22 3a 22 73 75 63  63 65 73 73 22 2c 22 64  |ge":"success","d|
01f117b0  65 73 65 6e 73 5f 70 68  6f 6e 65 22 3a 22 31 35  |esens_phone":"15|
01f117c0  31 2a 2a 2a 2a 35 36 37  38 22 2c 22 65 6d 61 69  |1****5678","emai|
01f117d0  6c 22 3a 22 65 78 61 6d  70 6c 65 40 65 78 61 6d  |l":"example@exam|
01f117e0  70 6c 65 2e 63 6f 6d 22  7d 2a 01 2e 32 22 0a 20  |ple.com"}*..2". |
01f117f0  35 61 63 34 39 39 37 36  35 30 32 39 65 35 66 66  |5ac499765029e5ff|
01f11800  36 31 34 39 63 39 66 35  31 35 33 31 38 64 38 35  |6149c9f515318d85|
01f11810  00 00 04 91 0a 24 35 35  63 64 62 62 65 39 2d 39  |.....$55cdbbe9-9|
01f11820  34 31 61 2d 34 39 34 36  2d 38 36 30 36 2d 35 66  |41a-4946-8606-5f|
01f11830  36 30 61 37 32 61 32 62  31 32 12 8e 01 0a 0f 31  |60a72a2b12.....1|
01f11840  32 37 2e 30 2e 30 2e 31  3a 34 39 37 36 32 12 0e  |27.0.0.1:49762..|
01f11850  31 32 37 2e 30 2e 30 2e  31 3a 31 30 30 30 1a 0f  |127.0.0.1:1000..|
01f11860  31 32 37 2e 30 2e 30 2e  31 3a 34 39 37 36 32 22  |127.0.0.1:49762"|
01f11870  12 31 37 32 2e 31 36 2e  38 38 2e 31 38 39 3a 38  |.172.16.88.189:8|
01f11880  38 35 37 2a 13 31 37 32  2e 32 39 2e 31 33 32 2e  |857*.172.29.132.|
01f11890  33 31 3a 35 30 39 38 32  42 0d 70 72 6f 78 79 5f  |31:50982B.proxy_|
01f118a0  63 6c 75 73 74 65 72 50  9f ee bd c3 06 58 94 02  |clusterP.....X..|
01f118b0  68 81 01 70 94 02 88 01  cf 01 9a 01 0e 31 32 37  |h..p.........127|
01f118c0  2e 30 2e 30 2e 31 3a 31  30 30 30 1a e4 04 0a 19  |.0.0.1:1000.....|
01f118d0  47 45 54 20 2f 66 61 76  69 63 6f 6e 2e 69 63 6f  |GET /favicon.ico|
01f118e0  20 48 54 54 50 2f 31 2e  31 12 c4 04 3a 61 75 74  | HTTP/1.1...:aut|
01f118f0  68 6f 72 69 74 79 3a 20  6f 61 2e 6f 75 72 79 75  |hority: oa.ouryu|
01f11900  6e 2e 63 6e 0d 0a 3a 73  63 68 65 6d 65 3a 20 68  |n.cn..:scheme: h|
01f11910  74 74 70 0d 0a 75 73 65  72 2d 61 67 65 6e 74 3a  |ttp..user-agent:|
01f11920  20 4d 6f 7a 69 6c 6c 61  2f 35 2e 30 20 28 57 69  | Mozilla/5.0 (Wi|
01f11930  6e 64 6f 77 73 20 4e 54  20 31 30 2e 30 3b 20 57  |ndows NT 10.0; W|
01f11940  69 6e 36 34 3b 20 78 36  34 3b 20 72 76 3a 31 34  |in64; x64; rv:14|
01f11950  30 2e 30 29 20 47 65 63  6b 6f 2f 32 30 31 30 30  |0.0) Gecko/20100|
01f11960  31 30 31 20 46 69 72 65  66 6f 78 2f 31 34 30 2e  |101 Firefox/140.|
01f11970  30 0d 0a 61 63 63 65 70  74 3a 20 69 6d 61 67 65  |0..accept: image|
01f11980  2f 61 76 69 66 2c 69 6d  61 67 65 2f 77 65 62 70  |/avif,image/webp|
01f11990  2c 69 6d 61 67 65 2f 70  6e 67 2c 69 6d 61 67 65  |,image/png,image|
01f119a0  2f 73 76 67 2b 78 6d 6c  2c 69 6d 61 67 65 2f 2a  |/svg+xml,image/*|
01f119b0  3b 71 3d 30 2e 38 2c 2a  2f 2a 3b 71 3d 30 2e 35  |;q=0.8,*/*;q=0.5|
01f119c0  0d 0a 61 63 63 65 70 74  2d 6c 61 6e 67 75 61 67  |..accept-languag|
01f119d0  65 3a 20 7a 68 2d 43 4e  2c 7a 68 3b 71 3d 30 2e  |e: zh-CN,zh;q=0.|
01f119e0  38 2c 7a 68 2d 54 57 3b  71 3d 30 2e 37 2c 7a 68  |8,zh-TW;q=0.7,zh|
01f119f0  2d 48 4b 3b 71 3d 30 2e  35 2c 65 6e 2d 55 53 3b  |-HK;q=0.5,en-US;|
01f11a00  71 3d 30 2e 33 2c 65 6e  3b 71 3d 30 2e 32 0d 0a  |q=0.3,en;q=0.2..|
01f11a10  61 63 63 65 70 74 2d 65  6e 63 6f 64 69 6e 67 3a  |accept-encoding:|
01f11a20  20 67 7a 69 70 2c 20 64  65 66 6c 61 74 65 2c 20  | gzip, deflate, |
01f11a30  62 72 2c 20 7a 73 74 64  0d 0a 72 65 66 65 72 65  |br, zstd..refere|
01f11a40  72 3a 20 68 74 74 70 3a  2f 2f 31 32 37 2e 30 2e  |r: http://127.0.|
01f11a50  30 2e 31 3a 31 30 30 30  2f 6c 61 72 67 65 5f 73  |0.1:1000/large_s|
01f11a60  65 72 76 69 63 65 0d 0a  73 65 63 2d 66 65 74 63  |ervice..sec-fetc|
01f11a70  68 2d 64 65 73 74 3a 20  69 6d 61 67 65 0d 0a 73  |h-dest: image..s|
01f11a80  65 63 2d 66 65 74 63 68  2d 6d 6f 64 65 3a 20 6e  |ec-fetch-mode: n|
01f11a90  6f 2d 63 6f 72 73 0d 0a  73 65 63 2d 66 65 74 63  |o-cors..sec-fetc|
01f11aa0  68 2d 73 69 74 65 3a 20  63 72 6f 73 73 2d 73 69  |h-site: cross-si|
01f11ab0  74 65 0d 0a 70 72 69 6f  72 69 74 79 3a 20 75 3d  |te..priority: u=|
01f11ac0  36 0d 0a 78 2d 66 6f 72  77 61 72 64 65 64 2d 66  |6..x-forwarded-f|
01f11ad0  6f 72 3a 20 31 37 32 2e  32 39 2e 31 33 32 2e 33  |or: 172.29.132.3|
01f11ae0  31 0d 0a 78 2d 66 6f 72  77 61 72 64 65 64 2d 70  |1..x-forwarded-p|
01f11af0  72 6f 74 6f 3a 20 68 74  74 70 0d 0a 78 2d 72 65  |roto: http..x-re|
01f11b00  71 75 65 73 74 2d 69 64  3a 20 35 35 63 64 62 62  |quest-id: 55cdbb|
01f11b10  65 39 2d 39 34 31 61 2d  34 39 34 36 2d 38 36 30  |e9-941a-4946-860|
01f11b20  36 2d 35 66 36 30 61 37  32 61 32 62 31 32 0d 0a  |6-5f60a72a2b12..|
01f11b30  1a 00 22 eb 02 0a 16 48  54 54 50 2f 31 2e 31 20  |.."....HTTP/1.1 |
01f11b40  34 30 34 20 4e 6f 74 20  46 6f 75 6e 64 12 7f 3a  |404 Not Found..:|
01f11b50  73 74 61 74 75 73 3a 20  34 30 34 0d 0a 73 65 72  |status: 404..ser|
01f11b60  76 65 72 3a 20 65 6e 76  6f 79 0d 0a 64 61 74 65  |ver: envoy..date|
01f11b70  3a 20 54 68 75 2c 20 31  30 20 4a 75 6c 20 32 30  |: Thu, 10 Jul 20|
01f11b80  32 35 20 30 38 3a 31 37  3a 33 35 20 47 4d 54 0d  |25 08:17:35 GMT.|
01f11b90  0a 63 6f 6e 74 65 6e 74  2d 74 79 70 65 3a 20 74  |.content-type: t|
01f11ba0  65 78 74 2f 68 74 6d 6c  3b 20 63 68 61 72 73 65  |ext/html; charse|
01f11bb0  74 3d 75 74 66 2d 38 0d  0a 63 6f 6e 74 65 6e 74  |t=utf-8..content|
01f11bc0  2d 6c 65 6e 67 74 68 3a  20 32 30 37 0d 0a 1a cf  |-length: 207....|
01f11bd0  01 3c 21 64 6f 63 74 79  70 65 20 68 74 6d 6c 3e  |.<!doctype html>|
01f11be0  0a 3c 68 74 6d 6c 20 6c  61 6e 67 3d 65 6e 3e 0a  |.<html lang=en>.|
01f11bf0  3c 74 69 74 6c 65 3e 34  30 34 20 4e 6f 74 20 46  |<title>404 Not F|
01f11c00  6f 75 6e 64 3c 2f 74 69  74 6c 65 3e 0a 3c 68 31  |ound</title>.<h1|
01f11c10  3e 4e 6f 74 20 46 6f 75  6e 64 3c 2f 68 31 3e 0a  |>Not Found</h1>.|
01f11c20  3c 70 3e 54 68 65 20 72  65 71 75 65 73 74 65 64  |<p>The requested|
01f11c30  20 55 52 4c 20 77 61 73  20 6e 6f 74 20 66 6f 75  | URL was not fou|
01f11c40  6e 64 20 6f 6e 20 74 68  65 20 73 65 72 76 65 72  |nd on the server|
01f11c50  2e 20 49 66 20 79 6f 75  20 65 6e 74 65 72 65 64  |. If you entered|
01f11c60  20 74 68 65 20 55 52 4c  20 6d 61 6e 75 61 6c 6c  | the URL manuall|
01f11c70  79 20 70 6c 65 61 73 65  20 63 68 65 63 6b 20 79  |y please check y|
01f11c80  6f 75 72 20 73 70 65 6c  6c 69 6e 67 20 61 6e 64  |our spelling and|
01f11c90  20 74 72 79 20 61 67 61  69 6e 2e 3c 2f 70 3e 0a  | try again.</p>.|
01f11ca0  2a 01 2e 32 00 80 9f ff  e8 99 03 41 1b 4d 32 45  |*..2.......A.M2E|
01f11cb0  d0 ba 6f ea 37 34 f2 72  18 00 02 00 00 0a 24 39  |..o.74.r......$9|
01f11cc0  39 30 33 34 31 31 62 2d  34 64 33 32 2d 34 35 64  |903411b-4d32-45d|
01f11cd0  30 2d 62 61 36 66 2d 65  61 33 37 33 34 66 32 37  |0-ba6f-ea3734f27|
01f11ce0  32 31 38 12 93 01 0a 0f  31 32 37 2e 30 2e 30 2e  |218.....127.0.0.|
01f11cf0  31 3a 34 39 37 35 38 12  0e 31 32 37 2e 30 2e 30  |1:49758..127.0.0|
01f11d00  2e 31 3a 31 30 30 30 1a  0f 31 32 37 2e 30 2e 30  |.1:1000..127.0.0|
01f11d10  2e 31 3a 34 39 37 35 38  22 12 31 37 32 2e 31 36  |.1:49758".172.16|
01f11d20  2e 38 38 2e 31 38 39 3a  38 38 35 37 2a 13 31 37  |.88.189:8857*.17|
01f11d30  32 2e 32 39 2e 31 33 32  2e 33 31 3a 35 30 39 38  |2.29.132.31:5098|
01f11d40  30 42 0d 70 72 6f 78 79  5f 63 6c 75 73 74 65 72  |0B.proxy_cluster|
01f11d50  50 9d ee bd c3 06 58 90  17 68 82 02 70 ed 02 78  |P.....X..h..p..x|
01f11d60  a3 14 88 01 da 80 80 05  9a 01 0e 31 32 37 2e 30  |...........127.0|
01f11d70  2e 30 2e 31 3a 31 30 30  30 1a c7 07 0a 1b 47 45  |.0.1:1000.....GE|
01f11d80  54 20 2f 6c 61 72 67 65  5f 73 65 72 76 69 63 65  |T /large_service|
01f11d90  20 48 54 54 50 2f 31 2e  31 12 a5 07 3a 61 75 74  | HTTP/1.1...:aut|
01f11da0  68 6f 72 69 74 79 3a 20  6f 61 2e 6f 75 72 79 75  |hority: oa.ouryu|
01f11db0  6e 2e 63 6e 0d 0a 3a 73  63 68 65 6d 65 3a 20 68  |n.cn..:scheme: h|
01f11dc0  74 74 70 0d 0a 75 73 65  72 2d 61 67 65 6e 74 3a  |ttp..user-agent:|
01f11dd0  20 4d 6f 7a 69 6c 6c 61  2f 35 2e 30 20 28 57 69  | Mozilla/5.0 (Wi|
01f11de0  6e 64 6f 77 73 20 4e 54  20 31 30 2e 30 3b 20 57  |ndows NT 10.0; W|
01f11df0  69 6e 36 34 3b 20 78 36  34 3b 20 72 76 3a 31 34  |in64; x64; rv:14|
01f11e00  30 2e 30 29 20 47 65 63  6b 6f 2f 32 30 31 30 30  |0.0) Gecko/20100|
01f11e10  31 30 31 20 46 69 72 65  66 6f 78 2f 31 34 30 2e  |101 Firefox/140.|
01f11e20  30 0d 0a 61 63 63 65 70  74 3a 20 74 65 78 74 2f  |0..accept: text/|
01f11e30  68 74 6d 6c 2c 61 70 70  6c 69 63 61 74 69 6f 6e  |html,application|
01f11e40  2f 78 68 74 6d 6c 2b 78  6d 6c 2c 61 70 70 6c 69  |/xhtml+xml,appli|
01f11e50  63 61 74 69 6f 6e 2f 78  6d 6c 3b 71 3d 30 2e 39  |cation/xml;q=0.9|
01f11e60  2c 2a 2f 2a 3b 71 3d 30  2e 38 0d 0a 61 63 63 65  |,*/*;q=0.8..acce|
01f11e70  70 74 2d 6c 61 6e 67 75  61 67 65 3a 20 7a 68 2d  |pt-language: zh-|
01f11e80  43 4e 2c 7a 68 3b 71 3d  30 2e 38 2c 7a 68 2d 54  |CN,zh;q=0.8,zh-T|
01f11e90  57 3b 71 3d 30 2e 37 2c  7a 68 2d 48 4b 3b 71 3d  |W;q=0.7,zh-HK;q=|
01f11ea0  30 2e 35 2c 65 6e 2d 55  53 3b 71 3d 30 2e 33 2c  |0.5,en-US;q=0.3,|
01f11eb0  65 6e 3b 71 3d 30 2e 32  0d 0a 61 63 63 65 70 74  |en;q=0.2..accept|
01f11ec0  2d 65 6e 63 6f 64 69 6e  67 3a 20 67 7a 69 70 2c  |-encoding: gzip,|
01f11ed0  20 64 65 66 6c 61 74 65  2c 20 62 72 2c 20 7a 73  | deflate, br, zs|
01f11ee0  74 64 0d 0a 75 70 67 72  61 64 65 2d 69 6e 73 65  |td..upgrade-inse|
01f11ef0  63 75 72 65 2d 72 65 71  75 65 73 74 73 3a 20 31  |cure-requests: 1|
01f11f00  0d 0a 73 65 63 2d 66 65  74 63 68 2d 64 65 73 74  |..sec-fetch-dest|
01f11f10  3a 20 64 6f 63 75 6d 65  6e 74 0d 0a 73 65 63 2d  |: document..sec-|
01f11f20  66 65 74 63 68 2d 6d 6f  64 65 3a 20 6e 61 76 69  |fetch-mode: navi|
01f11f30  67 61 74 65 0d 0a 73 65  63 2d 66 65 74 63 68 2d  |gate..sec-fetch-|
01f11f40  73 69 74 65 3a 20 6e 6f  6e 65 0d 0a 73 65 63 2d  |site: none..sec-|
01f11f50  66 65 74 63 68 2d 75 73  65 72 3a 20 3f 31 0d 0a  |fetch-user: ?1..|
01f11f60  70 72 69 6f 72 69 74 79  3a 20 75 3d 30 2c 20 69  |priority: u=0, i|
01f11f70  0d 0a 78 2d 66 6f 72 77  61 72 64 65 64 2d 66 6f  |..x-forwarded-fo|
01f11f80  72 3a 20 31 37 32 2e 32  39 2e 31 33 32 2e 33 31  |r: 172.29.132.31|
01f11f90  0d 0a 78 2d 66 6f 72 77  61 72 64 65 64 2d 70 72  |..x-forwarded-pr|
01f11fa0  6f 74 6f 3a 20 68 74 74  70 0d 0a 78 2d 72 65 71  |oto: http..x-req|
01f11fb0  75 65 73 74 2d 69 64 3a  20 39 39 30 33 34 31 31  |uest-id: 9903411|
01f11fc0  62 2d 34 64 33 32 2d 34  35 64 30 2d 62 61 36 66  |b-4d32-45d0-ba6f|
01f11fd0  2d 65 61 33 37 33 34 66  32 37 32 31 38 0d 0a 73  |-ea3734f27218..s|
01f11fe0  72 5f 66 70 5f 76 61 6c  75 65 3a 20 35 61 63 34  |r_fp_value: 5ac4|
01f11ff0  39 39 37 36 35 30 32 39  65 35 66 66 36 31 34 39  |99765029e5ff6149|
01f12000  63 39 66 35 31 35 33 31  38 64 38 35 0d 0a 63 6f  |c9f515318d85..co|
01f12010  6f 6b 69 65 3a 20 50 48  50 53 45 53 53 49 44 3d  |okie: PHPSESSID=|
01f12020  33 63 62 61 32 32 64 30  61 36 64 35 61 32 31 30  |3cba22d0a6d5a210|
01f12030  61 33 33 31 30 65 63 35  34 34 30 31 61 66 38 38  |a3310ec54401af88|
01f12040  3b 20 73 69 64 65 62 61  72 53 74 61 74 75 73 3d  |; sidebarStatus=|
01f12050  30 3b 20 41 64 6d 69 6e  2d 54 6f 6b 65 6e 2d 43  |0; Admin-Token-C|
01f12060  52 4d 3d 65 79 4a 30 65  58 41 69 4f 69 4a 4b 56  |RM=eyJ0eXAiOiJKV|
01f12070  31 51 69 4c 43 4a 68 62  47 63 69 4f 69 4a 49 55  |1QiLCJhbGciOiJIU|
01f12080  7a 49 31 4e 69 4a 39 2e  65 79 4a 73 59 58 51 69  |zI1NiJ9.eyJsYXQi|
01f12090  4f 6a 45 33 4e 54 41 32  4e 44 51 34 4f 44 4d 73  |OjE3NTA2NDQ4ODMs|
01f120a0  49 6d 35 69 5a 69 49 36  4d 54 63 31 4d 44 59 30  |Im5iZiI6MTc1MDY0|
01f120b0  4e 44 67 34 4d 79 77 69  5a 58 68 77 49 6a 6f 78  |NDg4MywiZXhwIjox|
01f120c0  4e 7a 55 77 4e 7a 4d 78  4d 6a 67 7a 4c 43 4a 31  |NzUwNzMxMjgzLCJ1|
01f120d0  61 57 51 69 4f 6a 55 31  4d 43 77 69 64 48 6c 77  |aWQiOjU1MCwidHlw|
01f120e0  5a 53 49 36 49 6e 56 7a  5a 58 49 69 4c 43 4a 79  |ZSI6InVzZXIiLCJy|
01f120f0  59 57 35 6b 49 6a 6f 69  4d 54 63 31 4d 44 59 30  |YW5kIjoiMTc1MDY0|
01f12100  4e 44 67 34 4d 32 31 71  61 6e 64 6c 4d 32 5a 6d  |NDg4M21qandlM2Zm|
01f12110  49 6e 30 2e 41 56 6e 75  63 44 48 67 46 38 52 69  |In0.AVnucDHgF8Ri|
01f12120  49 69 4f 31 78 6c 6b 5f  5f 79 52 75 41 6d 36 67  |IiO1xlk__yRuAm6g|
01f12130  53 6a 6b 66 34 48 32 76  35 38 39 37 67 79 49 0d  |Sjkf4H2v5897gyI.|
01f12140  0a 1a 00 22 ee 81 80 05  0a 0f 48 54 54 50 2f 31  |..."......HTTP/1|
01f12150  2e 31 20 32 30 30 20 4f  4b 12 7c 3a 73 74 61 74  |.1 200 OK.|:stat|
01f12160  75 73 3a 20 32 30 30 0d  0a 73 65 72 76 65 72 3a  |us: 200..server:|
01f12170  20 65 6e 76 6f 79 0d 0a  64 61 74 65 3a 20 54 68  | envoy..date: Th|
01f12180  75 2c 20 31 30 20 4a 75  6c 20 32 30 32 35 20 30  |u, 10 Jul 2025 0|
01f12190  38 3a 31 37 3a 33 34 20  47 4d 54 0d 0a 63 6f 6e  |8:17:34 GMT..con|
01f121a0  74 65 6e 74 2d 74 79 70  65 3a 20 61 70 70 6c 69  |tent-type: appli|
01f121b0  63 61 74 69 6f 6e 2f 6a  73 6f 6e 0d 0a 63 6f 6e  |cation/json..con|
01f121c0  74 65 6e 74 2d 6c 65 6e  67 74 68 3a 20 31 30 34  |tent-length: 104|
01f121d0  38 35 38 35 30 0d 0a 1a  da 80 80 05 7b 22 63 68  |85850.......{"ch|
01f121e0  61 72 22 3a 22 41 41 41  41 41 41 41 41 41 41 41  |ar":"AAAAAAAAAAA|
01f121f0  41 41 41 41 41 41 41 41  41 41 41 41 41 41 41 41  |AAAAAAAAAAAAAAAA|
*
02911ca0  41 41 41 41 41 80 00 05  b8 99 03 41 1b 4d 32 45  |AAAAA......A.M2E|
02911cb0  d0 ba 6f ea 37 34 f2 72  18 00 02 00 01 41 41 41  |..o.74.r.....AAA|
02911cc0  41 41 41 41 41 41 41 41  41 41 41 41 41 41 41 41  |AAAAAAAAAAAAAAAA|
*
029121f0  41 41 41 41 41 41 41 41  41 41 41 41 41 22 2c 22  |AAAAAAAAAAAAA","|
02912200  6d 65 73 73 61 67 65 22  3a 22 73 75 63 63 65 73  |message":"succes|
02912210  73 22 2c 22 64 65 73 65  6e 73 5f 70 68 6f 6e 65  |s","desens_phone|
02912220  22 3a 22 31 35 31 2a 2a  2a 2a 35 36 37 38 22 2c  |":"151****5678",|
02912230  22 65 6d 61 69 6c 22 3a  22 65 78 61 6d 70 6c 65  |"email":"example|
02912240  40 65 78 61 6d 70 6c 65  2e 63 6f 6d 22 7d 2a 01  |@example.com"}*.|
02912250  2e 32 22 0a 20 35 61 63  34 39 39 37 36 35 30 32  |.2". 5ac49976502|
02912260  39 65 35 66 66 36 31 34  39 63 39 66 35 31 35 33  |9e5ff6149c9f5153|
02912270  31 38 64 38 35                                    |18d85|
02912275
